[20:25:28.794][info] [#0:C:/Users/justi/AppData/Local/nvim-data/mason/packages/lua-language-server\main.lua:66]: Lua Lsp startup, root: 	C:/Users/justi/AppData/Local/nvim-data/mason/packages/lua-language-server
[20:25:28.794][info] [#0:C:/Users/justi/AppData/Local/nvim-data/mason/packages/lua-language-server\main.lua:67]: ROOT:	C:/Users/justi/AppData/Local/nvim-data/mason/packages/lua-language-server
[20:25:28.794][info] [#0:C:/Users/justi/AppData/Local/nvim-data/mason/packages/lua-language-server\main.lua:68]: LOGPATH:	C:/Users/justi/AppData/Local/nvim-data/mason/packages/lua-language-server/log
[20:25:28.794][info] [#0:C:/Users/justi/AppData/Local/nvim-data/mason/packages/lua-language-server\main.lua:69]: METAPATH:	C:/Users/justi/AppData/Local/nvim-data/mason/packages/lua-language-server/meta
[20:25:28.794][info] [#0:C:/Users/justi/AppData/Local/nvim-data/mason/packages/lua-language-server\main.lua:70]: VERSION:	3.6.23
[20:25:28.857][info] [#0:script\service\service.lua:144]: 
========= Medical Examination Report =========
    --------------- Memory ---------------
        Total: 2.128 MB
        # 00 : 2.128 MB
        # 01 : 0.000 MB
        # 02 : 0.000 MB
        # 03 : 0.000 MB
        # 04 : 0.000 MB
    --------------- Coroutine ---------------
        Total:     0
        Running:   0
        Suspended: 0
        Normal:    0
        Dead:      0
    --------------- Cache ---------------
        Total: 1
        Dead:  0
    ---------------  RPC  ---------------
        Holdon:   0
        Waiting:  0
==============================================
[20:25:28.872][info] [#0:script\client.lua:657]: Client init	{
  capabilities = {
    textDocument = {
      callHierarchy = {
        dynamicRegistration = false
      },
      codeAction = {
        codeActionLiteralSupport = {
          codeActionKind = {
            valueSet = { "", "quickfix", "refactor", "refactor.extract", "refactor.inline", "refactor.rewrite", "source", "source.organizeImports" }
          }
        },
        dataSupport = true,
        dynamicRegistration = false,
        isPreferredSupport = true,
        resolveSupport = {
          properties = { "edit" }
        }
      },
      completion = {
        completionItem = {
          commitCharactersSupport = true,
          deprecatedSupport = true,
          documentationFormat = { "markdown", "plaintext" },
          insertReplaceSupport = true,
          labelDetailsSupport = true,
          preselectSupport = true,
          resolveSupport = {
            properties = { "documentation", "detail", "additionalTextEdits" }
          },
          snippetSupport = true,
          tagSupport = {
            valueSet = { 1 }
          }
        },
        completionItemKind = {
          valueSet = { 1, 2, 3, 4, 5, 6, 7, 8, 9, 10, 11, 12, 13, 14, 15, 16, 17, 18, 19, 20, 21, 22, 23, 24, 25 }
        },
        contextSupport = false,
        dynamicRegistration = false
      },
      declaration = {
        linkSupport = true
      },
      definition = {
        linkSupport = true
      },
      documentHighlight = {
        dynamicRegistration = false
      },
      documentSymbol = {
        dynamicRegistration = false,
        hierarchicalDocumentSymbolSupport = true,
        symbolKind = {
          valueSet = { 1, 2, 3, 4, 5, 6, 7, 8, 9, 10, 11, 12, 13, 14, 15, 16, 17, 18, 19, 20, 21, 22, 23, 24, 25, 26 }
        }
      },
      hover = {
        contentFormat = { "markdown", "plaintext" },
        dynamicRegistration = false
      },
      implementation = {
        linkSupport = true
      },
      publishDiagnostics = {
        relatedInformation = true,
        tagSupport = {
          valueSet = { 1, 2 }
        }
      },
      references = {
        dynamicRegistration = false
      },
      rename = {
        dynamicRegistration = false,
        prepareSupport = true
      },
      semanticTokens = {
        augmentsSyntaxTokens = true,
        dynamicRegistration = false,
        formats = { "relative" },
        multilineTokenSupport = false,
        overlappingTokenSupport = true,
        requests = {
          full = {
            delta = true
          },
          range = false
        },
        serverCancelSupport = false,
        tokenModifiers = { "declaration", "definition", "readonly", "static", "deprecated", "abstract", "async", "modification", "documentation", "defaultLibrary" },
        tokenTypes = { "namespace", "type", "class", "enum", "interface", "struct", "typeParameter", "parameter", "variable", "property", "enumMember", "event", "function", "method", "macro", "keyword", "modifier", "comment", "string", "number", "regexp", "operator", "decorator" }
      },
      signatureHelp = {
        dynamicRegistration = false,
        signatureInformation = {
          activeParameterSupport = true,
          documentationFormat = { "markdown", "plaintext" },
          parameterInformation = {
            labelOffsetSupport = true
          }
        }
      },
      synchronization = {
        didSave = true,
        dynamicRegistration = false,
        willSave = true,
        willSaveWaitUntil = true
      },
      typeDefinition = {
        linkSupport = true
      }
    },
    window = {
      showDocument = {
        support = true
      },
      showMessage = {
        messageActionItem = {
          additionalPropertiesSupport = false
        }
      },
      workDoneProgress = true
    },
    workspace = {
      applyEdit = true,
      configuration = true,
      didChangeWatchedFiles = {
        dynamicRegistration = false,
        relativePatternSupport = true
      },
      semanticTokens = {
        refreshSupport = true
      },
      symbol = {
        dynamicRegistration = false,
        hierarchicalWorkspaceSymbolSupport = true,
        symbolKind = {
          valueSet = { 1, 2, 3, 4, 5, 6, 7, 8, 9, 10, 11, 12, 13, 14, 15, 16, 17, 18, 19, 20, 21, 22, 23, 24, 25, 26 }
        }
      },
      workspaceEdit = {
        resourceOperations = { "rename", "create", "delete" }
      },
      workspaceFolders = true
    }
  },
  clientInfo = {
    name = "Neovim",
    version = "0.9.0"
  },
  initializationOptions = {},
  processId = 31976,
  rootPath = "C:\\Users\\justi\\AppData\\Local\\nvim",
  rootUri = "file:///C:/Users/justi/AppData/Local/nvim",
  trace = "off",
  workspaceFolders = { {
      name = "C:/Users/justi/AppData/Local/nvim",
      uri = "file:///C:/Users/justi/AppData/Local/nvim"
    } }
}
[20:25:28.872][info] [#0:script\language.lua:137]: VSC language: nil
[20:25:28.872][info] [#0:script\language.lua:138]: LS  language: en-us
[20:25:28.872][info] [#0:script\workspace\workspace.lua:38]: Workspace init root: 	file:///C:/Users/justi/AppData/Local/nvim
[20:25:28.872][info] [#0:script\workspace\workspace.lua:42]: Log path: 	C:/Users/justi/AppData/Local/nvim-data/mason/packages/lua-language-server/log/file_C_Users_justi_AppData_Local_nvim.log
[20:25:28.903][info] [#0:script\workspace\workspace.lua:48]: Workspace create: 	file:///c%3A/Users/justi/AppData/Local/nvim
[20:25:30.013][info] [#0:script\provider\provider.lua:46]: Load config from client	file:///c%3A/Users/justi/AppData/Local/nvim
[20:25:30.013][info] [#0:script\provider\provider.lua:47]: {
  Lua = {
    diagnostics = {
      globals = { "vim" }
    },
    telemetry = {
      enable = false
    },
    workspace = {
      library = {
        ["C:\\Users\\justi\\AppData\\Local\\Programs\\Neovim\\share\\nvim\\runtime\\lua"] = true,
        ["C:\\Users\\justi\\AppData\\Local\\Programs\\Neovim\\share\\nvim\\runtime\\lua\\vim\\lsp"] = true,
        ["C:\\Users\\justi\\AppData\\Local\\nvim-data/lazy/extensions/nvchad_types"] = true,
        ["C:\\Users\\justi\\AppData\\Local\\nvim-data/lazy/lazy.nvim/lua/lazy"] = true
      },
      maxPreload = 100000,
      preloadFileSize = 10000
    }
  }
}
[20:25:30.013][info] [#0:script\provider\provider.lua:46]: Load config from client	file:///c%3A/Users/justi/AppData/Local/nvim
[20:25:30.013][info] [#0:script\provider\provider.lua:47]: {
  Lua = {
    diagnostics = {
      globals = { "vim" }
    },
    telemetry = {
      enable = false
    },
    workspace = {
      library = {
        ["C:\\Users\\justi\\AppData\\Local\\Programs\\Neovim\\share\\nvim\\runtime\\lua"] = true,
        ["C:\\Users\\justi\\AppData\\Local\\Programs\\Neovim\\share\\nvim\\runtime\\lua\\vim\\lsp"] = true,
        ["C:\\Users\\justi\\AppData\\Local\\nvim-data/lazy/extensions/nvchad_types"] = true,
        ["C:\\Users\\justi\\AppData\\Local\\nvim-data/lazy/lazy.nvim/lua/lazy"] = true
      },
      maxPreload = 100000,
      preloadFileSize = 10000
    }
  }
}
[20:25:30.013][info] [#0:script\provider\provider.lua:46]: Load config from client	file:///c%3A/Users/justi/AppData/Local/nvim
[20:25:30.013][info] [#0:script\provider\provider.lua:47]: {
  Lua = {
    diagnostics = {
      globals = { "vim" }
    },
    telemetry = {
      enable = false
    },
    workspace = {
      library = {
        ["C:\\Users\\justi\\AppData\\Local\\Programs\\Neovim\\share\\nvim\\runtime\\lua"] = true,
        ["C:\\Users\\justi\\AppData\\Local\\Programs\\Neovim\\share\\nvim\\runtime\\lua\\vim\\lsp"] = true,
        ["C:\\Users\\justi\\AppData\\Local\\nvim-data/lazy/extensions/nvchad_types"] = true,
        ["C:\\Users\\justi\\AppData\\Local\\nvim-data/lazy/lazy.nvim/lua/lazy"] = true
      },
      maxPreload = 100000,
      preloadFileSize = 10000
    }
  }
}
[20:25:30.013][info] [#0:script\provider\provider.lua:61]: Load config from client	fallback
[20:25:30.013][info] [#0:script\provider\provider.lua:62]: {
  Lua = {
    diagnostics = {
      globals = { "vim" }
    },
    telemetry = {
      enable = false
    },
    workspace = {
      library = {
        ["C:\\Users\\justi\\AppData\\Local\\Programs\\Neovim\\share\\nvim\\runtime\\lua"] = true,
        ["C:\\Users\\justi\\AppData\\Local\\Programs\\Neovim\\share\\nvim\\runtime\\lua\\vim\\lsp"] = true,
        ["C:\\Users\\justi\\AppData\\Local\\nvim-data/lazy/extensions/nvchad_types"] = true,
        ["C:\\Users\\justi\\AppData\\Local\\nvim-data/lazy/lazy.nvim/lua/lazy"] = true
      },
      maxPreload = 100000,
      preloadFileSize = 10000
    }
  }
}
[20:25:30.013][info] [#0:script\library.lua:212]: Init builtin library at:	file:///c%3A/Users/justi/AppData/Local/nvim
[20:25:30.122][info] [#0:script\plugin.lua:86]: plugin path:	C:\Users\justi\AppData\Local\nvim
[20:25:30.122][warn] [#0:script\plugin.lua:101]: plugin not found:	C:\Users\justi\AppData\Local\nvim
[20:25:30.122][info] [#0:script\library.lua:212]: Init builtin library at:	nil
[20:25:30.169][info] [#0:script\workspace\workspace.lua:322]: Preload start:	file:///c%3A/Users/justi/AppData/Local/nvim
[20:25:30.169][info] [#0:script\workspace\workspace.lua:328]: Scan files at:	file:///c%3A/Users/justi/AppData/Local/nvim
[20:25:30.169][info] [#0:script\workspace\workspace.lua:322]: Preload start:	<fallback>
[20:25:30.169][info] [#0:script\workspace\workspace.lua:351]: Scan library at:	file:///c%3A/Users/justi/AppData/Local/Programs/Neovim/share/nvim/runtime/lua/vim/lsp
[20:25:30.169][info] [#0:script\provider\provider.lua:61]: Load config from client	fallback
[20:25:30.169][info] [#0:script\provider\provider.lua:62]: {
  Lua = {
    diagnostics = {
      globals = { "vim" }
    },
    telemetry = {
      enable = false
    },
    workspace = {
      library = {
        ["C:\\Users\\justi\\AppData\\Local\\Programs\\Neovim\\share\\nvim\\runtime\\lua"] = true,
        ["C:\\Users\\justi\\AppData\\Local\\Programs\\Neovim\\share\\nvim\\runtime\\lua\\vim\\lsp"] = true,
        ["C:\\Users\\justi\\AppData\\Local\\nvim-data/lazy/extensions/nvchad_types"] = true,
        ["C:\\Users\\justi\\AppData\\Local\\nvim-data/lazy/lazy.nvim/lua/lazy"] = true
      },
      maxPreload = 100000,
      preloadFileSize = 10000
    }
  }
}
[20:25:30.169][info] [#0:script\provider\provider.lua:61]: Load config from client	fallback
[20:25:30.169][info] [#0:script\provider\provider.lua:62]: {
  Lua = {
    diagnostics = {
      globals = { "vim" }
    },
    telemetry = {
      enable = false
    },
    workspace = {
      library = {
        ["C:\\Users\\justi\\AppData\\Local\\Programs\\Neovim\\share\\nvim\\runtime\\lua"] = true,
        ["C:\\Users\\justi\\AppData\\Local\\Programs\\Neovim\\share\\nvim\\runtime\\lua\\vim\\lsp"] = true,
        ["C:\\Users\\justi\\AppData\\Local\\nvim-data/lazy/extensions/nvchad_types"] = true,
        ["C:\\Users\\justi\\AppData\\Local\\nvim-data/lazy/lazy.nvim/lua/lazy"] = true
      },
      maxPreload = 100000,
      preloadFileSize = 10000
    }
  }
}
[20:25:30.169][info] [#0:script\workspace\workspace.lua:351]: Scan library at:	file:///c%3A/Users/justi/AppData/Local/nvim-data/mason/packages/lua-language-server/meta/Lua%205.4%20en-us%20utf8/string.lua
[20:25:30.169][info] [#0:script\workspace\workspace.lua:351]: Scan library at:	file:///c%3A/Users/justi/AppData/Local/nvim-data/mason/packages/lua-language-server/meta/Lua%205.4%20en-us%20utf8/os.lua
[20:25:30.169][info] [#0:script\workspace\workspace.lua:351]: Scan library at:	file:///c%3A/Users/justi/AppData/Local/nvim-data/lazy/extensions/nvchad_types
[20:25:30.185][info] [#0:script\workspace\workspace.lua:351]: Scan library at:	file:///c%3A/Users/justi/AppData/Local/nvim-data/mason/packages/lua-language-server/meta/Lua%205.4%20en-us%20utf8/basic.lua
[20:25:30.185][info] [#0:script\workspace\workspace.lua:351]: Scan library at:	file:///c%3A/Users/justi/AppData/Local/nvim-data/mason/packages/lua-language-server/meta/Lua%205.4%20en-us%20utf8/math.lua
[20:25:30.185][info] [#0:script\workspace\workspace.lua:351]: Scan library at:	file:///c%3A/Users/justi/AppData/Local/nvim-data/mason/packages/lua-language-server/meta/Lua%205.4%20en-us%20utf8/package.lua
[20:25:30.185][info] [#0:script\workspace\workspace.lua:351]: Scan library at:	file:///c%3A/Users/justi/AppData/Local/nvim-data/mason/packages/lua-language-server/meta/Lua%205.4%20en-us%20utf8/utf8.lua
[20:25:30.185][info] [#0:script\workspace\workspace.lua:351]: Scan library at:	file:///c%3A/Users/justi/AppData/Local/Programs/Neovim/share/nvim/runtime/lua/vim/lsp
[20:25:30.185][info] [#0:script\workspace\workspace.lua:351]: Scan library at:	file:///c%3A/Users/justi/AppData/Local/nvim-data/mason/packages/lua-language-server/meta/Lua%205.4%20en-us%20utf8/io.lua
[20:25:30.185][info] [#0:script\workspace\workspace.lua:351]: Scan library at:	file:///c%3A/Users/justi/AppData/Local/nvim-data/mason/packages/lua-language-server/meta/Lua%205.4%20en-us%20utf8/builtin.lua
[20:25:30.185][info] [#0:script\workspace\workspace.lua:351]: Scan library at:	file:///c%3A/Users/justi/AppData/Local/nvim-data/mason/packages/lua-language-server/meta/Lua%205.4%20en-us%20utf8/debug.lua
[20:25:30.185][info] [#0:script\workspace\workspace.lua:351]: Scan library at:	file:///c%3A/Users/justi/AppData/Local/nvim-data/lazy/lazy.nvim/lua/lazy
[20:25:30.185][info] [#0:script\workspace\workspace.lua:351]: Scan library at:	file:///c%3A/Users/justi/AppData/Local/nvim-data/mason/packages/lua-language-server/meta/Lua%205.4%20en-us%20utf8/string.lua
[20:25:30.185][info] [#0:script\workspace\workspace.lua:351]: Scan library at:	file:///c%3A/Users/justi/AppData/Local/nvim-data/mason/packages/lua-language-server/meta/Lua%205.4%20en-us%20utf8/os.lua
[20:25:30.185][info] [#0:script\workspace\workspace.lua:351]: Scan library at:	file:///c%3A/Users/justi/AppData/Local/nvim-data/lazy/extensions/nvchad_types
[20:25:30.185][info] [#0:script\workspace\workspace.lua:351]: Scan library at:	file:///c%3A/Users/justi/AppData/Local/nvim-data/mason/packages/lua-language-server/meta/Lua%205.4%20en-us%20utf8/basic.lua
[20:25:30.185][info] [#0:script\workspace\workspace.lua:351]: Scan library at:	file:///c%3A/Users/justi/AppData/Local/nvim-data/mason/packages/lua-language-server/meta/Lua%205.4%20en-us%20utf8/math.lua
[20:25:30.185][info] [#0:script\workspace\workspace.lua:351]: Scan library at:	file:///c%3A/Users/justi/AppData/Local/nvim-data/mason/packages/lua-language-server/meta/Lua%205.4%20en-us%20utf8/package.lua
[20:25:30.185][info] [#0:script\workspace\workspace.lua:351]: Scan library at:	file:///c%3A/Users/justi/AppData/Local/nvim-data/mason/packages/lua-language-server/meta/Lua%205.4%20en-us%20utf8/utf8.lua
[20:25:30.185][info] [#0:script\workspace\workspace.lua:351]: Scan library at:	file:///c%3A/Users/justi/AppData/Local/nvim-data/mason/packages/lua-language-server/meta/Lua%205.4%20en-us%20utf8/io.lua
[20:25:30.185][info] [#0:script\workspace\workspace.lua:351]: Scan library at:	file:///c%3A/Users/justi/AppData/Local/nvim-data/mason/packages/lua-language-server/meta/Lua%205.4%20en-us%20utf8/builtin.lua
[20:25:30.185][info] [#0:script\workspace\workspace.lua:351]: Scan library at:	file:///c%3A/Users/justi/AppData/Local/nvim-data/mason/packages/lua-language-server/meta/Lua%205.4%20en-us%20utf8/debug.lua
[20:25:30.185][info] [#0:script\workspace\workspace.lua:351]: Scan library at:	file:///c%3A/Users/justi/AppData/Local/nvim-data/lazy/lazy.nvim/lua/lazy
[20:25:30.200][info] [#0:script\workspace\workspace.lua:351]: Scan library at:	file:///c%3A/Users/justi/AppData/Local/Programs/Neovim/share/nvim/runtime/lua
[20:25:30.200][info] [#0:script\workspace\workspace.lua:351]: Scan library at:	file:///c%3A/Users/justi/AppData/Local/Programs/Neovim/share/nvim/runtime/lua
[20:25:30.200][info] [#0:script\workspace\workspace.lua:351]: Scan library at:	file:///c%3A/Users/justi/AppData/Local/nvim-data/mason/packages/lua-language-server/meta/Lua%205.4%20en-us%20utf8/coroutine.lua
[20:25:30.200][info] [#0:script\workspace\workspace.lua:351]: Scan library at:	file:///c%3A/Users/justi/AppData/Local/nvim-data/mason/packages/lua-language-server/meta/Lua%205.4%20en-us%20utf8/table.lua
[20:25:30.216][info] [#0:script\workspace\workspace.lua:351]: Scan library at:	file:///c%3A/Users/justi/AppData/Local/nvim-data/mason/packages/lua-language-server/meta/Lua%205.4%20en-us%20utf8/coroutine.lua
[20:25:30.216][info] [#0:script\workspace\workspace.lua:351]: Scan library at:	file:///c%3A/Users/justi/AppData/Local/nvim-data/mason/packages/lua-language-server/meta/Lua%205.4%20en-us%20utf8/table.lua
[20:25:30.325][info] [#0:script\workspace\workspace.lua:377]: Found 124 files at:	<fallback>
[20:25:30.325][info] [#0:script\workspace\loading.lua:161]: Load files from disk:	<fallback>
[20:25:30.325][info] [#0:script\workspace\workspace.lua:377]: Found 139 files at:	file:///c%3A/Users/justi/AppData/Local/nvim
[20:25:30.325][info] [#0:script\workspace\loading.lua:161]: Load files from disk:	file:///c%3A/Users/justi/AppData/Local/nvim
[20:25:30.325][info] [#0:script\workspace\loading.lua:101]: Preload file at: file:///c%3A/Users/justi/AppData/Local/nvim-data/mason/packages/lua-language-server/meta/Lua%205.4%20en-us%20utf8/table.lua , size = 4.230 KB
[20:25:30.341][info] [#0:script\workspace\loading.lua:113]: ++++As library of:	file:///c%3A/Users/justi/AppData/Local/nvim-data/mason/packages/lua-language-server/meta/Lua%205.4%20en-us%20utf8/table.lua
[20:25:30.341][info] [#0:script\workspace\loading.lua:98]: Skip loaded file: file:///c%3A/Users/justi/AppData/Local/nvim-data/mason/packages/lua-language-server/meta/Lua%205.4%20en-us%20utf8/table.lua
[20:25:30.341][info] [#0:script\workspace\loading.lua:101]: Preload file at: file:///c%3A/Users/justi/AppData/Local/nvim-data/mason/packages/lua-language-server/meta/Lua%205.4%20en-us%20utf8/coroutine.lua , size = 2.590 KB
[20:25:30.341][info] [#0:script\workspace\loading.lua:113]: ++++As library of:	file:///c%3A/Users/justi/AppData/Local/nvim-data/mason/packages/lua-language-server/meta/Lua%205.4%20en-us%20utf8/coroutine.lua
[20:25:30.341][info] [#0:script\workspace\loading.lua:98]: Skip loaded file: file:///c%3A/Users/justi/AppData/Local/nvim-data/mason/packages/lua-language-server/meta/Lua%205.4%20en-us%20utf8/coroutine.lua
[20:25:30.341][info] [#0:script\workspace\loading.lua:101]: Preload file at: file:///c%3A/Users/justi/AppData/Local/Programs/Neovim/share/nvim/runtime/lua/editorconfig.lua , size = 6.956 KB
[20:25:30.341][info] [#0:script\workspace\loading.lua:113]: ++++As library of:	file:///c%3A/Users/justi/AppData/Local/Programs/Neovim/share/nvim/runtime/lua
[20:25:30.341][info] [#0:script\workspace\loading.lua:98]: Skip loaded file: file:///c%3A/Users/justi/AppData/Local/Programs/Neovim/share/nvim/runtime/lua/editorconfig.lua
[20:25:30.341][info] [#0:script\workspace\loading.lua:101]: Preload file at: file:///c%3A/Users/justi/AppData/Local/Programs/Neovim/share/nvim/runtime/lua/man.lua , size = 25.547 KB
[20:25:30.357][info] [#0:script\workspace\loading.lua:113]: ++++As library of:	file:///c%3A/Users/justi/AppData/Local/Programs/Neovim/share/nvim/runtime/lua
[20:25:30.357][info] [#0:script\workspace\loading.lua:98]: Skip loaded file: file:///c%3A/Users/justi/AppData/Local/Programs/Neovim/share/nvim/runtime/lua/man.lua
[20:25:30.357][info] [#0:script\workspace\loading.lua:101]: Preload file at: file:///c%3A/Users/justi/AppData/Local/Programs/Neovim/share/nvim/runtime/lua/nvim/health.lua , size = 13.105 KB
[20:25:30.357][info] [#0:script\workspace\loading.lua:113]: ++++As library of:	file:///c%3A/Users/justi/AppData/Local/Programs/Neovim/share/nvim/runtime/lua
[20:25:30.357][info] [#0:script\workspace\loading.lua:98]: Skip loaded file: file:///c%3A/Users/justi/AppData/Local/Programs/Neovim/share/nvim/runtime/lua/nvim/health.lua
[20:25:30.357][info] [#0:script\workspace\loading.lua:101]: Preload file at: file:///c%3A/Users/justi/AppData/Local/Programs/Neovim/share/nvim/runtime/lua/vim/diagnostic.lua , size = 58.342 KB
[20:25:30.388][info] [#0:script\workspace\loading.lua:113]: ++++As library of:	file:///c%3A/Users/justi/AppData/Local/Programs/Neovim/share/nvim/runtime/lua
[20:25:30.388][info] [#0:script\workspace\loading.lua:101]: Preload file at: file:///c%3A/Users/justi/AppData/Local/Programs/Neovim/share/nvim/runtime/lua/vim/F.lua , size = 0.871 KB
[20:25:30.388][info] [#0:script\workspace\loading.lua:113]: ++++As library of:	file:///c%3A/Users/justi/AppData/Local/Programs/Neovim/share/nvim/runtime/lua
[20:25:30.388][info] [#0:script\workspace\loading.lua:98]: Skip loaded file: file:///c%3A/Users/justi/AppData/Local/Programs/Neovim/share/nvim/runtime/lua/vim/F.lua
[20:25:30.388][info] [#0:script\workspace\loading.lua:98]: Skip loaded file: file:///c%3A/Users/justi/AppData/Local/Programs/Neovim/share/nvim/runtime/lua/vim/diagnostic.lua
[20:25:30.388][info] [#0:script\workspace\loading.lua:101]: Preload file at: file:///c%3A/Users/justi/AppData/Local/Programs/Neovim/share/nvim/runtime/lua/vim/filetype/detect.lua , size = 49.109 KB
[20:25:30.419][info] [#0:script\workspace\loading.lua:113]: ++++As library of:	file:///c%3A/Users/justi/AppData/Local/Programs/Neovim/share/nvim/runtime/lua
[20:25:30.419][info] [#0:script\workspace\loading.lua:101]: Preload file at: file:///c%3A/Users/justi/AppData/Local/Programs/Neovim/share/nvim/runtime/lua/vim/filetype/options.lua , size = 2.646 KB
[20:25:30.419][info] [#0:script\workspace\loading.lua:113]: ++++As library of:	file:///c%3A/Users/justi/AppData/Local/Programs/Neovim/share/nvim/runtime/lua
[20:25:30.419][info] [#0:script\workspace\loading.lua:98]: Skip loaded file: file:///c%3A/Users/justi/AppData/Local/Programs/Neovim/share/nvim/runtime/lua/vim/filetype/detect.lua
[20:25:30.419][info] [#0:script\workspace\loading.lua:98]: Skip loaded file: file:///c%3A/Users/justi/AppData/Local/Programs/Neovim/share/nvim/runtime/lua/vim/filetype/options.lua
[20:25:30.419][info] [#0:script\workspace\loading.lua:101]: Preload file at: file:///c%3A/Users/justi/AppData/Local/Programs/Neovim/share/nvim/runtime/lua/vim/filetype.lua , size = 77.000 KB
[20:25:30.450][info] [#0:script\workspace\loading.lua:113]: ++++As library of:	file:///c%3A/Users/justi/AppData/Local/Programs/Neovim/share/nvim/runtime/lua
[20:25:30.450][info] [#0:script\workspace\loading.lua:98]: Skip loaded file: file:///c%3A/Users/justi/AppData/Local/Programs/Neovim/share/nvim/runtime/lua/vim/filetype.lua
[20:25:30.450][info] [#0:script\workspace\loading.lua:101]: Preload file at: file:///c%3A/Users/justi/AppData/Local/Programs/Neovim/share/nvim/runtime/lua/vim/fs.lua , size = 11.006 KB
[20:25:30.466][info] [#0:script\workspace\loading.lua:113]: ++++As library of:	file:///c%3A/Users/justi/AppData/Local/Programs/Neovim/share/nvim/runtime/lua
[20:25:30.466][info] [#0:script\workspace\loading.lua:98]: Skip loaded file: file:///c%3A/Users/justi/AppData/Local/Programs/Neovim/share/nvim/runtime/lua/vim/fs.lua
[20:25:30.466][info] [#0:script\workspace\loading.lua:101]: Preload file at: file:///c%3A/Users/justi/AppData/Local/Programs/Neovim/share/nvim/runtime/lua/vim/health.lua , size = 1.598 KB
[20:25:30.466][info] [#0:script\workspace\loading.lua:113]: ++++As library of:	file:///c%3A/Users/justi/AppData/Local/Programs/Neovim/share/nvim/runtime/lua
[20:25:30.466][info] [#0:script\workspace\loading.lua:98]: Skip loaded file: file:///c%3A/Users/justi/AppData/Local/Programs/Neovim/share/nvim/runtime/lua/vim/health.lua
[20:25:30.466][info] [#0:script\workspace\loading.lua:101]: Preload file at: file:///c%3A/Users/justi/AppData/Local/Programs/Neovim/share/nvim/runtime/lua/vim/highlight.lua , size = 3.876 KB
[20:25:30.466][info] [#0:script\workspace\loading.lua:113]: ++++As library of:	file:///c%3A/Users/justi/AppData/Local/Programs/Neovim/share/nvim/runtime/lua
[20:25:30.466][info] [#0:script\workspace\loading.lua:98]: Skip loaded file: file:///c%3A/Users/justi/AppData/Local/Programs/Neovim/share/nvim/runtime/lua/vim/highlight.lua
[20:25:30.466][info] [#0:script\workspace\loading.lua:101]: Preload file at: file:///c%3A/Users/justi/AppData/Local/Programs/Neovim/share/nvim/runtime/lua/vim/inspect.lua , size = 9.234 KB
[20:25:30.466][info] [#0:script\workspace\loading.lua:113]: ++++As library of:	file:///c%3A/Users/justi/AppData/Local/Programs/Neovim/share/nvim/runtime/lua
[20:25:30.466][info] [#0:script\workspace\loading.lua:101]: Preload file at: file:///c%3A/Users/justi/AppData/Local/Programs/Neovim/share/nvim/runtime/lua/vim/keymap.lua , size = 3.687 KB
[20:25:30.466][info] [#0:script\workspace\loading.lua:113]: ++++As library of:	file:///c%3A/Users/justi/AppData/Local/Programs/Neovim/share/nvim/runtime/lua
[20:25:30.466][info] [#0:script\workspace\loading.lua:98]: Skip loaded file: file:///c%3A/Users/justi/AppData/Local/Programs/Neovim/share/nvim/runtime/lua/vim/inspect.lua
[20:25:30.466][info] [#0:script\workspace\loading.lua:98]: Skip loaded file: file:///c%3A/Users/justi/AppData/Local/Programs/Neovim/share/nvim/runtime/lua/vim/keymap.lua
[20:25:30.466][info] [#0:script\workspace\loading.lua:101]: Preload file at: file:///c%3A/Users/justi/AppData/Local/Programs/Neovim/share/nvim/runtime/lua/vim/loader.lua , size = 16.507 KB
[20:25:30.482][info] [#0:script\workspace\loading.lua:113]: ++++As library of:	file:///c%3A/Users/justi/AppData/Local/Programs/Neovim/share/nvim/runtime/lua
[20:25:30.482][info] [#0:script\workspace\loading.lua:98]: Skip loaded file: file:///c%3A/Users/justi/AppData/Local/Programs/Neovim/share/nvim/runtime/lua/vim/loader.lua
[20:25:30.482][info] [#0:script\workspace\loading.lua:101]: Preload file at: file:///c%3A/Users/justi/AppData/Local/Programs/Neovim/share/nvim/runtime/lua/vim/lsp/buf.lua , size = 28.650 KB
[20:25:30.497][info] [#0:script\workspace\loading.lua:113]: ++++As library of:	file:///c%3A/Users/justi/AppData/Local/Programs/Neovim/share/nvim/runtime/lua
[20:25:30.497][info] [#0:script\workspace\loading.lua:98]: Skip loaded file: file:///c%3A/Users/justi/AppData/Local/Programs/Neovim/share/nvim/runtime/lua/vim/lsp/buf.lua
[20:25:30.497][info] [#0:script\workspace\loading.lua:101]: Preload file at: file:///c%3A/Users/justi/AppData/Local/Programs/Neovim/share/nvim/runtime/lua/vim/lsp/codelens.lua , size = 8.537 KB
[20:25:30.497][info] [#0:script\workspace\loading.lua:113]: ++++As library of:	file:///c%3A/Users/justi/AppData/Local/Programs/Neovim/share/nvim/runtime/lua
[20:25:30.497][info] [#0:script\workspace\loading.lua:98]: Skip loaded file: file:///c%3A/Users/justi/AppData/Local/Programs/Neovim/share/nvim/runtime/lua/vim/lsp/codelens.lua
[20:25:30.497][info] [#0:script\workspace\loading.lua:101]: Preload file at: file:///c%3A/Users/justi/AppData/Local/Programs/Neovim/share/nvim/runtime/lua/vim/lsp/diagnostic.lua , size = 9.157 KB
[20:25:30.497][info] [#0:script\workspace\loading.lua:113]: ++++As library of:	file:///c%3A/Users/justi/AppData/Local/Programs/Neovim/share/nvim/runtime/lua
[20:25:30.497][info] [#0:script\workspace\loading.lua:98]: Skip loaded file: file:///c%3A/Users/justi/AppData/Local/Programs/Neovim/share/nvim/runtime/lua/vim/lsp/diagnostic.lua
[20:25:30.497][info] [#0:script\workspace\loading.lua:101]: Preload file at: file:///c%3A/Users/justi/AppData/Local/Programs/Neovim/share/nvim/runtime/lua/vim/lsp/handlers.lua , size = 24.219 KB
[20:25:30.513][info] [#0:script\workspace\loading.lua:113]: ++++As library of:	file:///c%3A/Users/justi/AppData/Local/Programs/Neovim/share/nvim/runtime/lua
[20:25:30.513][info] [#0:script\workspace\loading.lua:101]: Preload file at: file:///c%3A/Users/justi/AppData/Local/Programs/Neovim/share/nvim/runtime/lua/vim/lsp/health.lua , size = 1.283 KB
[20:25:30.513][info] [#0:script\workspace\loading.lua:113]: ++++As library of:	file:///c%3A/Users/justi/AppData/Local/Programs/Neovim/share/nvim/runtime/lua
[20:25:30.513][info] [#0:script\workspace\loading.lua:98]: Skip loaded file: file:///c%3A/Users/justi/AppData/Local/Programs/Neovim/share/nvim/runtime/lua/vim/lsp/handlers.lua
[20:25:30.513][info] [#0:script\workspace\loading.lua:98]: Skip loaded file: file:///c%3A/Users/justi/AppData/Local/Programs/Neovim/share/nvim/runtime/lua/vim/lsp/health.lua
[20:25:30.513][info] [#0:script\workspace\loading.lua:101]: Preload file at: file:///c%3A/Users/justi/AppData/Local/Programs/Neovim/share/nvim/runtime/lua/vim/lsp/log.lua , size = 5.324 KB
[20:25:30.513][info] [#0:script\workspace\loading.lua:113]: ++++As library of:	file:///c%3A/Users/justi/AppData/Local/Programs/Neovim/share/nvim/runtime/lua
[20:25:30.513][info] [#0:script\workspace\loading.lua:98]: Skip loaded file: file:///c%3A/Users/justi/AppData/Local/Programs/Neovim/share/nvim/runtime/lua/vim/lsp/log.lua
[20:25:30.528][info] [#0:script\workspace\loading.lua:101]: Preload file at: file:///c%3A/Users/justi/AppData/Local/Programs/Neovim/share/nvim/runtime/lua/vim/lsp/protocol.lua , size = 29.243 KB
[20:25:30.544][info] [#0:script\workspace\loading.lua:113]: ++++As library of:	file:///c%3A/Users/justi/AppData/Local/Programs/Neovim/share/nvim/runtime/lua
[20:25:30.544][info] [#0:script\workspace\loading.lua:98]: Skip loaded file: file:///c%3A/Users/justi/AppData/Local/Programs/Neovim/share/nvim/runtime/lua/vim/lsp/protocol.lua
[20:25:30.544][info] [#0:script\workspace\loading.lua:101]: Preload file at: file:///c%3A/Users/justi/AppData/Local/Programs/Neovim/share/nvim/runtime/lua/vim/lsp/rpc.lua , size = 24.434 KB
[20:25:30.544][info] [#0:script\workspace\loading.lua:113]: ++++As library of:	file:///c%3A/Users/justi/AppData/Local/Programs/Neovim/share/nvim/runtime/lua
[20:25:30.544][info] [#0:script\workspace\loading.lua:98]: Skip loaded file: file:///c%3A/Users/justi/AppData/Local/Programs/Neovim/share/nvim/runtime/lua/vim/lsp/rpc.lua
[20:25:30.544][info] [#0:script\workspace\loading.lua:101]: Preload file at: file:///c%3A/Users/justi/AppData/Local/Programs/Neovim/share/nvim/runtime/lua/vim/lsp/semantic_tokens.lua , size = 25.500 KB
[20:25:30.560][info] [#0:script\workspace\loading.lua:113]: ++++As library of:	file:///c%3A/Users/justi/AppData/Local/Programs/Neovim/share/nvim/runtime/lua
[20:25:30.560][info] [#0:script\workspace\loading.lua:98]: Skip loaded file: file:///c%3A/Users/justi/AppData/Local/Programs/Neovim/share/nvim/runtime/lua/vim/lsp/semantic_tokens.lua
[20:25:30.560][info] [#0:script\workspace\loading.lua:101]: Preload file at: file:///c%3A/Users/justi/AppData/Local/Programs/Neovim/share/nvim/runtime/lua/vim/lsp/sync.lua , size = 16.120 KB
[20:25:30.560][info] [#0:script\workspace\loading.lua:113]: ++++As library of:	file:///c%3A/Users/justi/AppData/Local/Programs/Neovim/share/nvim/runtime/lua
[20:25:30.560][info] [#0:script\workspace\loading.lua:98]: Skip loaded file: file:///c%3A/Users/justi/AppData/Local/Programs/Neovim/share/nvim/runtime/lua/vim/lsp/sync.lua
[20:25:30.560][info] [#0:script\workspace\loading.lua:101]: Preload file at: file:///c%3A/Users/justi/AppData/Local/Programs/Neovim/share/nvim/runtime/lua/vim/lsp/tagfunc.lua , size = 2.414 KB
[20:25:30.560][info] [#0:script\workspace\loading.lua:113]: ++++As library of:	file:///c%3A/Users/justi/AppData/Local/Programs/Neovim/share/nvim/runtime/lua
[20:25:30.560][info] [#0:script\workspace\loading.lua:98]: Skip loaded file: file:///c%3A/Users/justi/AppData/Local/Programs/Neovim/share/nvim/runtime/lua/vim/lsp/tagfunc.lua
[20:25:30.560][info] [#0:script\workspace\loading.lua:101]: Preload file at: file:///c%3A/Users/justi/AppData/Local/Programs/Neovim/share/nvim/runtime/lua/vim/lsp/types.lua , size = 0.960 KB
[20:25:30.560][info] [#0:script\workspace\loading.lua:113]: ++++As library of:	file:///c%3A/Users/justi/AppData/Local/Programs/Neovim/share/nvim/runtime/lua
[20:25:30.560][info] [#0:script\workspace\loading.lua:98]: Skip loaded file: file:///c%3A/Users/justi/AppData/Local/Programs/Neovim/share/nvim/runtime/lua/vim/lsp/types.lua
[20:25:30.560][info] [#0:script\workspace\loading.lua:101]: Preload file at: file:///c%3A/Users/justi/AppData/Local/Programs/Neovim/share/nvim/runtime/lua/vim/lsp/util.lua , size = 72.869 KB
[20:25:30.591][info] [#0:script\workspace\loading.lua:113]: ++++As library of:	file:///c%3A/Users/justi/AppData/Local/Programs/Neovim/share/nvim/runtime/lua
[20:25:30.591][info] [#0:script\workspace\loading.lua:98]: Skip loaded file: file:///c%3A/Users/justi/AppData/Local/Programs/Neovim/share/nvim/runtime/lua/vim/lsp/util.lua
[20:25:30.591][info] [#0:script\workspace\loading.lua:101]: Preload file at: file:///c%3A/Users/justi/AppData/Local/Programs/Neovim/share/nvim/runtime/lua/vim/lsp/_snippet.lua , size = 11.232 KB
[20:25:30.607][info] [#0:script\workspace\loading.lua:113]: ++++As library of:	file:///c%3A/Users/justi/AppData/Local/Programs/Neovim/share/nvim/runtime/lua
[20:25:30.607][info] [#0:script\workspace\loading.lua:98]: Skip loaded file: file:///c%3A/Users/justi/AppData/Local/Programs/Neovim/share/nvim/runtime/lua/vim/lsp/_snippet.lua
[20:25:30.607][info] [#0:script\workspace\loading.lua:101]: Preload file at: file:///c%3A/Users/justi/AppData/Local/Programs/Neovim/share/nvim/runtime/lua/vim/lsp/_watchfiles.lua , size = 9.485 KB
[20:25:30.607][info] [#0:script\workspace\loading.lua:113]: ++++As library of:	file:///c%3A/Users/justi/AppData/Local/Programs/Neovim/share/nvim/runtime/lua
[20:25:30.607][info] [#0:script\workspace\loading.lua:98]: Skip loaded file: file:///c%3A/Users/justi/AppData/Local/Programs/Neovim/share/nvim/runtime/lua/vim/lsp/_watchfiles.lua
[20:25:30.607][info] [#0:script\workspace\loading.lua:101]: Preload file at: file:///c%3A/Users/justi/AppData/Local/Programs/Neovim/share/nvim/runtime/lua/vim/lsp.lua , size = 84.740 KB
[20:25:30.653][info] [#0:script\workspace\loading.lua:113]: ++++As library of:	file:///c%3A/Users/justi/AppData/Local/Programs/Neovim/share/nvim/runtime/lua
[20:25:30.653][info] [#0:script\workspace\loading.lua:98]: Skip loaded file: file:///c%3A/Users/justi/AppData/Local/Programs/Neovim/share/nvim/runtime/lua/vim/lsp.lua
[20:25:30.653][info] [#0:script\workspace\loading.lua:101]: Preload file at: file:///c%3A/Users/justi/AppData/Local/Programs/Neovim/share/nvim/runtime/lua/vim/secure.lua , size = 5.014 KB
[20:25:30.669][info] [#0:script\workspace\loading.lua:113]: ++++As library of:	file:///c%3A/Users/justi/AppData/Local/Programs/Neovim/share/nvim/runtime/lua
[20:25:30.669][info] [#0:script\workspace\loading.lua:101]: Preload file at: file:///c%3A/Users/justi/AppData/Local/Programs/Neovim/share/nvim/runtime/lua/vim/shared.lua , size = 23.187 KB
[20:25:30.669][info] [#0:script\workspace\loading.lua:113]: ++++As library of:	file:///c%3A/Users/justi/AppData/Local/Programs/Neovim/share/nvim/runtime/lua
[20:25:30.669][info] [#0:script\workspace\loading.lua:98]: Skip loaded file: file:///c%3A/Users/justi/AppData/Local/Programs/Neovim/share/nvim/runtime/lua/vim/secure.lua
[20:25:30.669][info] [#0:script\workspace\loading.lua:98]: Skip loaded file: file:///c%3A/Users/justi/AppData/Local/Programs/Neovim/share/nvim/runtime/lua/vim/shared.lua
[20:25:30.669][info] [#0:script\workspace\loading.lua:101]: Preload file at: file:///c%3A/Users/justi/AppData/Local/Programs/Neovim/share/nvim/runtime/lua/vim/treesitter/health.lua , size = 0.920 KB
[20:25:30.669][info] [#0:script\workspace\loading.lua:113]: ++++As library of:	file:///c%3A/Users/justi/AppData/Local/Programs/Neovim/share/nvim/runtime/lua
[20:25:30.669][info] [#0:script\workspace\loading.lua:98]: Skip loaded file: file:///c%3A/Users/justi/AppData/Local/Programs/Neovim/share/nvim/runtime/lua/vim/treesitter/health.lua
[20:25:30.669][info] [#0:script\workspace\loading.lua:101]: Preload file at: file:///c%3A/Users/justi/AppData/Local/Programs/Neovim/share/nvim/runtime/lua/vim/treesitter/highlighter.lua , size = 8.935 KB
[20:25:30.685][info] [#0:script\workspace\loading.lua:113]: ++++As library of:	file:///c%3A/Users/justi/AppData/Local/Programs/Neovim/share/nvim/runtime/lua
[20:25:30.685][info] [#0:script\workspace\loading.lua:98]: Skip loaded file: file:///c%3A/Users/justi/AppData/Local/Programs/Neovim/share/nvim/runtime/lua/vim/treesitter/highlighter.lua
[20:25:30.685][info] [#0:script\workspace\loading.lua:101]: Preload file at: file:///c%3A/Users/justi/AppData/Local/Programs/Neovim/share/nvim/runtime/lua/vim/treesitter/language.lua , size = 3.674 KB
[20:25:30.685][info] [#0:script\workspace\loading.lua:113]: ++++As library of:	file:///c%3A/Users/justi/AppData/Local/Programs/Neovim/share/nvim/runtime/lua
[20:25:30.685][info] [#0:script\workspace\loading.lua:98]: Skip loaded file: file:///c%3A/Users/justi/AppData/Local/Programs/Neovim/share/nvim/runtime/lua/vim/treesitter/language.lua
[20:25:30.685][info] [#0:script\workspace\loading.lua:101]: Preload file at: file:///c%3A/Users/justi/AppData/Local/Programs/Neovim/share/nvim/runtime/lua/vim/treesitter/languagetree.lua , size = 27.107 KB
[20:25:30.700][info] [#0:script\workspace\loading.lua:113]: ++++As library of:	file:///c%3A/Users/justi/AppData/Local/Programs/Neovim/share/nvim/runtime/lua
[20:25:30.700][info] [#0:script\workspace\loading.lua:89]: Skip loaded file: file:///c%3A/Users/justi/AppData/Local/Programs/Neovim/share/nvim/runtime/lua/vim/treesitter/languagetree.lua
[20:25:30.700][info] [#0:script\workspace\loading.lua:113]: ++++As library of:	file:///c%3A/Users/justi/AppData/Local/Programs/Neovim/share/nvim/runtime/lua
[20:25:30.700][info] [#0:script\workspace\loading.lua:101]: Preload file at: file:///c%3A/Users/justi/AppData/Local/Programs/Neovim/share/nvim/runtime/lua/vim/treesitter/playground.lua , size = 12.979 KB
[20:25:30.700][info] [#0:script\workspace\loading.lua:113]: ++++As library of:	file:///c%3A/Users/justi/AppData/Local/Programs/Neovim/share/nvim/runtime/lua
[20:25:30.700][info] [#0:script\workspace\loading.lua:98]: Skip loaded file: file:///c%3A/Users/justi/AppData/Local/Programs/Neovim/share/nvim/runtime/lua/vim/treesitter/playground.lua
[20:25:30.700][info] [#0:script\workspace\loading.lua:101]: Preload file at: file:///c%3A/Users/justi/AppData/Local/Programs/Neovim/share/nvim/runtime/lua/vim/treesitter/query.lua , size = 21.953 KB
[20:25:30.716][info] [#0:script\workspace\loading.lua:113]: ++++As library of:	file:///c%3A/Users/justi/AppData/Local/Programs/Neovim/share/nvim/runtime/lua
[20:25:30.716][info] [#0:script\workspace\loading.lua:98]: Skip loaded file: file:///c%3A/Users/justi/AppData/Local/Programs/Neovim/share/nvim/runtime/lua/vim/treesitter/query.lua
[20:25:30.716][info] [#0:script\workspace\loading.lua:101]: Preload file at: file:///c%3A/Users/justi/AppData/Local/Programs/Neovim/share/nvim/runtime/lua/vim/treesitter/_fold.lua , size = 7.003 KB
[20:25:30.732][info] [#0:script\workspace\loading.lua:113]: ++++As library of:	file:///c%3A/Users/justi/AppData/Local/Programs/Neovim/share/nvim/runtime/lua
[20:25:30.732][info] [#0:script\workspace\loading.lua:98]: Skip loaded file: file:///c%3A/Users/justi/AppData/Local/Programs/Neovim/share/nvim/runtime/lua/vim/treesitter/_fold.lua
[20:25:30.732][info] [#0:script\workspace\loading.lua:101]: Preload file at: file:///c%3A/Users/justi/AppData/Local/Programs/Neovim/share/nvim/runtime/lua/vim/treesitter/_meta.lua , size = 2.905 KB
[20:25:30.732][info] [#0:script\workspace\loading.lua:113]: ++++As library of:	file:///c%3A/Users/justi/AppData/Local/Programs/Neovim/share/nvim/runtime/lua
[20:25:30.732][info] [#0:script\workspace\loading.lua:98]: Skip loaded file: file:///c%3A/Users/justi/AppData/Local/Programs/Neovim/share/nvim/runtime/lua/vim/treesitter/_meta.lua
[20:25:30.732][info] [#0:script\workspace\loading.lua:101]: Preload file at: file:///c%3A/Users/justi/AppData/Local/Programs/Neovim/share/nvim/runtime/lua/vim/treesitter/_range.lua , size = 3.814 KB
[20:25:30.732][info] [#0:script\workspace\loading.lua:113]: ++++As library of:	file:///c%3A/Users/justi/AppData/Local/Programs/Neovim/share/nvim/runtime/lua
[20:25:30.732][info] [#0:script\workspace\loading.lua:98]: Skip loaded file: file:///c%3A/Users/justi/AppData/Local/Programs/Neovim/share/nvim/runtime/lua/vim/treesitter/_range.lua
[20:25:30.732][info] [#0:script\workspace\loading.lua:101]: Preload file at: file:///c%3A/Users/justi/AppData/Local/Programs/Neovim/share/nvim/runtime/lua/vim/treesitter.lua , size = 15.949 KB
[20:25:30.747][info] [#0:script\workspace\loading.lua:113]: ++++As library of:	file:///c%3A/Users/justi/AppData/Local/Programs/Neovim/share/nvim/runtime/lua
[20:25:30.747][info] [#0:script\workspace\loading.lua:101]: Preload file at: file:///c%3A/Users/justi/AppData/Local/Programs/Neovim/share/nvim/runtime/lua/vim/ui.lua , size = 3.776 KB
[20:25:30.747][info] [#0:script\workspace\loading.lua:113]: ++++As library of:	file:///c%3A/Users/justi/AppData/Local/Programs/Neovim/share/nvim/runtime/lua
[20:25:30.747][info] [#0:script\workspace\loading.lua:98]: Skip loaded file: file:///c%3A/Users/justi/AppData/Local/Programs/Neovim/share/nvim/runtime/lua/vim/treesitter.lua
[20:25:30.747][info] [#0:script\workspace\loading.lua:98]: Skip loaded file: file:///c%3A/Users/justi/AppData/Local/Programs/Neovim/share/nvim/runtime/lua/vim/ui.lua
[20:25:30.747][info] [#0:script\workspace\loading.lua:101]: Preload file at: file:///c%3A/Users/justi/AppData/Local/Programs/Neovim/share/nvim/runtime/lua/vim/uri.lua , size = 3.510 KB
[20:25:30.747][info] [#0:script\workspace\loading.lua:113]: ++++As library of:	file:///c%3A/Users/justi/AppData/Local/Programs/Neovim/share/nvim/runtime/lua
[20:25:30.747][info] [#0:script\workspace\loading.lua:98]: Skip loaded file: file:///c%3A/Users/justi/AppData/Local/Programs/Neovim/share/nvim/runtime/lua/vim/uri.lua
[20:25:30.747][info] [#0:script\workspace\loading.lua:101]: Preload file at: file:///c%3A/Users/justi/AppData/Local/Programs/Neovim/share/nvim/runtime/lua/vim/version.lua , size = 12.554 KB
[20:25:30.747][info] [#0:script\workspace\loading.lua:113]: ++++As library of:	file:///c%3A/Users/justi/AppData/Local/Programs/Neovim/share/nvim/runtime/lua
[20:25:30.747][info] [#0:script\workspace\loading.lua:98]: Skip loaded file: file:///c%3A/Users/justi/AppData/Local/Programs/Neovim/share/nvim/runtime/lua/vim/version.lua
[20:25:30.747][info] [#0:script\workspace\loading.lua:101]: Preload file at: file:///c%3A/Users/justi/AppData/Local/Programs/Neovim/share/nvim/runtime/lua/vim/_editor.lua , size = 30.289 KB
[20:25:30.763][info] [#0:script\workspace\loading.lua:113]: ++++As library of:	file:///c%3A/Users/justi/AppData/Local/Programs/Neovim/share/nvim/runtime/lua
[20:25:30.763][info] [#0:script\workspace\loading.lua:101]: Preload file at: file:///c%3A/Users/justi/AppData/Local/Programs/Neovim/share/nvim/runtime/lua/vim/_init_packages.lua , size = 2.861 KB
[20:25:30.763][info] [#0:script\workspace\loading.lua:113]: ++++As library of:	file:///c%3A/Users/justi/AppData/Local/Programs/Neovim/share/nvim/runtime/lua
[20:25:30.763][info] [#0:script\workspace\loading.lua:98]: Skip loaded file: file:///c%3A/Users/justi/AppData/Local/Programs/Neovim/share/nvim/runtime/lua/vim/_editor.lua
[20:25:30.763][info] [#0:script\workspace\loading.lua:98]: Skip loaded file: file:///c%3A/Users/justi/AppData/Local/Programs/Neovim/share/nvim/runtime/lua/vim/_init_packages.lua
[20:25:30.763][info] [#0:script\workspace\loading.lua:101]: Preload file at: file:///c%3A/Users/justi/AppData/Local/Programs/Neovim/share/nvim/runtime/lua/vim/_inspector.lua , size = 8.033 KB
[20:25:30.778][info] [#0:script\workspace\loading.lua:113]: ++++As library of:	file:///c%3A/Users/justi/AppData/Local/Programs/Neovim/share/nvim/runtime/lua
[20:25:30.778][info] [#0:script\workspace\loading.lua:98]: Skip loaded file: file:///c%3A/Users/justi/AppData/Local/Programs/Neovim/share/nvim/runtime/lua/vim/_inspector.lua
[20:25:30.778][info] [#0:script\workspace\loading.lua:101]: Preload file at: file:///c%3A/Users/justi/AppData/Local/Programs/Neovim/share/nvim/runtime/lua/vim/_meta.lua , size = 12.604 KB
[20:25:30.778][info] [#0:script\workspace\loading.lua:113]: ++++As library of:	file:///c%3A/Users/justi/AppData/Local/Programs/Neovim/share/nvim/runtime/lua
[20:25:30.778][info] [#0:script\workspace\loading.lua:98]: Skip loaded file: file:///c%3A/Users/justi/AppData/Local/Programs/Neovim/share/nvim/runtime/lua/vim/_meta.lua
[20:25:30.778][info] [#0:script\workspace\loading.lua:101]: Preload file at: file:///c%3A/Users/justi/AppData/Local/Programs/Neovim/share/nvim/runtime/lua/vim/_watch.lua , size = 5.285 KB
[20:25:30.778][info] [#0:script\workspace\loading.lua:113]: ++++As library of:	file:///c%3A/Users/justi/AppData/Local/Programs/Neovim/share/nvim/runtime/lua
[20:25:30.778][info] [#0:script\workspace\loading.lua:98]: Skip loaded file: file:///c%3A/Users/justi/AppData/Local/Programs/Neovim/share/nvim/runtime/lua/vim/_watch.lua
[20:25:30.778][info] [#0:script\workspace\loading.lua:101]: Preload file at: file:///c%3A/Users/justi/AppData/Local/Programs/Neovim/share/nvim/runtime/lua/_vim9script.lua , size = 16.074 KB
[20:25:30.825][info] [#0:script\workspace\loading.lua:113]: ++++As library of:	file:///c%3A/Users/justi/AppData/Local/Programs/Neovim/share/nvim/runtime/lua
[20:25:30.825][info] [#0:script\workspace\loading.lua:98]: Skip loaded file: file:///c%3A/Users/justi/AppData/Local/Programs/Neovim/share/nvim/runtime/lua/_vim9script.lua
[20:25:30.825][info] [#0:script\workspace\loading.lua:101]: Preload file at: file:///c%3A/Users/justi/AppData/Local/nvim-data/lazy/lazy.nvim/lua/lazy/core/cache.lua , size = 17.115 KB
[20:25:30.841][info] [#0:script\workspace\loading.lua:113]: ++++As library of:	file:///c%3A/Users/justi/AppData/Local/nvim-data/lazy/lazy.nvim/lua/lazy
[20:25:30.841][info] [#0:script\workspace\loading.lua:101]: Preload file at: file:///c%3A/Users/justi/AppData/Local/nvim-data/lazy/lazy.nvim/lua/lazy/core/config.lua , size = 8.429 KB
[20:25:30.841][info] [#0:script\workspace\loading.lua:113]: ++++As library of:	file:///c%3A/Users/justi/AppData/Local/nvim-data/lazy/lazy.nvim/lua/lazy
[20:25:30.841][info] [#0:script\workspace\loading.lua:98]: Skip loaded file: file:///c%3A/Users/justi/AppData/Local/nvim-data/lazy/lazy.nvim/lua/lazy/core/cache.lua
[20:25:30.841][info] [#0:script\workspace\loading.lua:98]: Skip loaded file: file:///c%3A/Users/justi/AppData/Local/nvim-data/lazy/lazy.nvim/lua/lazy/core/config.lua
[20:25:30.841][info] [#0:script\workspace\loading.lua:101]: Preload file at: file:///c%3A/Users/justi/AppData/Local/nvim-data/lazy/lazy.nvim/lua/lazy/core/handler/cmd.lua , size = 1.607 KB
[20:25:30.841][info] [#0:script\workspace\loading.lua:113]: ++++As library of:	file:///c%3A/Users/justi/AppData/Local/nvim-data/lazy/lazy.nvim/lua/lazy
[20:25:30.841][info] [#0:script\workspace\loading.lua:98]: Skip loaded file: file:///c%3A/Users/justi/AppData/Local/nvim-data/lazy/lazy.nvim/lua/lazy/core/handler/cmd.lua
[20:25:30.841][info] [#0:script\workspace\loading.lua:101]: Preload file at: file:///c%3A/Users/justi/AppData/Local/nvim-data/lazy/lazy.nvim/lua/lazy/core/handler/event.lua , size = 2.728 KB
[20:25:30.841][info] [#0:script\workspace\loading.lua:113]: ++++As library of:	file:///c%3A/Users/justi/AppData/Local/nvim-data/lazy/lazy.nvim/lua/lazy
[20:25:30.841][info] [#0:script\workspace\loading.lua:98]: Skip loaded file: file:///c%3A/Users/justi/AppData/Local/nvim-data/lazy/lazy.nvim/lua/lazy/core/handler/event.lua
[20:25:30.841][info] [#0:script\workspace\loading.lua:101]: Preload file at: file:///c%3A/Users/justi/AppData/Local/nvim-data/lazy/lazy.nvim/lua/lazy/core/handler/ft.lua , size = 1.023 KB
[20:25:30.841][info] [#0:script\workspace\loading.lua:113]: ++++As library of:	file:///c%3A/Users/justi/AppData/Local/nvim-data/lazy/lazy.nvim/lua/lazy
[20:25:30.841][info] [#0:script\workspace\loading.lua:101]: Preload file at: file:///c%3A/Users/justi/AppData/Local/nvim-data/lazy/lazy.nvim/lua/lazy/core/handler/init.lua , size = 2.479 KB
[20:25:30.841][info] [#0:script\workspace\loading.lua:113]: ++++As library of:	file:///c%3A/Users/justi/AppData/Local/nvim-data/lazy/lazy.nvim/lua/lazy
[20:25:30.841][info] [#0:script\workspace\loading.lua:98]: Skip loaded file: file:///c%3A/Users/justi/AppData/Local/nvim-data/lazy/lazy.nvim/lua/lazy/core/handler/init.lua
[20:25:30.841][info] [#0:script\workspace\loading.lua:98]: Skip loaded file: file:///c%3A/Users/justi/AppData/Local/nvim-data/lazy/lazy.nvim/lua/lazy/core/handler/ft.lua
[20:25:30.841][info] [#0:script\workspace\loading.lua:101]: Preload file at: file:///c%3A/Users/justi/AppData/Local/nvim-data/lazy/lazy.nvim/lua/lazy/core/handler/keys.lua , size = 2.455 KB
[20:25:30.841][info] [#0:script\workspace\loading.lua:113]: ++++As library of:	file:///c%3A/Users/justi/AppData/Local/nvim-data/lazy/lazy.nvim/lua/lazy
[20:25:30.841][info] [#0:script\workspace\loading.lua:98]: Skip loaded file: file:///c%3A/Users/justi/AppData/Local/nvim-data/lazy/lazy.nvim/lua/lazy/core/handler/keys.lua
[20:25:30.841][info] [#0:script\workspace\loading.lua:101]: Preload file at: file:///c%3A/Users/justi/AppData/Local/nvim-data/lazy/lazy.nvim/lua/lazy/core/loader.lua , size = 13.792 KB
[20:25:30.857][info] [#0:script\workspace\loading.lua:113]: ++++As library of:	file:///c%3A/Users/justi/AppData/Local/nvim-data/lazy/lazy.nvim/lua/lazy
[20:25:30.857][info] [#0:script\workspace\loading.lua:98]: Skip loaded file: file:///c%3A/Users/justi/AppData/Local/nvim-data/lazy/lazy.nvim/lua/lazy/core/loader.lua
[20:25:30.857][info] [#0:script\workspace\loading.lua:101]: Preload file at: file:///c%3A/Users/justi/AppData/Local/nvim-data/lazy/lazy.nvim/lua/lazy/core/plugin.lua , size = 14.246 KB
[20:25:30.872][info] [#0:script\workspace\loading.lua:113]: ++++As library of:	file:///c%3A/Users/justi/AppData/Local/nvim-data/lazy/lazy.nvim/lua/lazy
[20:25:30.872][info] [#0:script\workspace\loading.lua:101]: Preload file at: file:///c%3A/Users/justi/AppData/Local/nvim-data/lazy/lazy.nvim/lua/lazy/core/util.lua , size = 10.278 KB
[20:25:30.872][info] [#0:script\workspace\loading.lua:113]: ++++As library of:	file:///c%3A/Users/justi/AppData/Local/nvim-data/lazy/lazy.nvim/lua/lazy
[20:25:30.872][info] [#0:script\workspace\loading.lua:98]: Skip loaded file: file:///c%3A/Users/justi/AppData/Local/nvim-data/lazy/lazy.nvim/lua/lazy/core/plugin.lua
[20:25:30.872][info] [#0:script\workspace\loading.lua:98]: Skip loaded file: file:///c%3A/Users/justi/AppData/Local/nvim-data/lazy/lazy.nvim/lua/lazy/core/util.lua
[20:25:30.872][info] [#0:script\workspace\loading.lua:101]: Preload file at: file:///c%3A/Users/justi/AppData/Local/nvim-data/lazy/lazy.nvim/lua/lazy/docs.lua , size = 4.609 KB
[20:25:30.872][info] [#0:script\workspace\loading.lua:113]: ++++As library of:	file:///c%3A/Users/justi/AppData/Local/nvim-data/lazy/lazy.nvim/lua/lazy
[20:25:30.872][info] [#0:script\workspace\loading.lua:101]: Preload file at: file:///c%3A/Users/justi/AppData/Local/nvim-data/lazy/lazy.nvim/lua/lazy/example.lua , size = 2.728 KB
[20:25:30.872][info] [#0:script\workspace\loading.lua:113]: ++++As library of:	file:///c%3A/Users/justi/AppData/Local/nvim-data/lazy/lazy.nvim/lua/lazy
[20:25:30.888][info] [#0:script\workspace\loading.lua:98]: Skip loaded file: file:///c%3A/Users/justi/AppData/Local/nvim-data/lazy/lazy.nvim/lua/lazy/docs.lua
[20:25:30.888][info] [#0:script\workspace\loading.lua:98]: Skip loaded file: file:///c%3A/Users/justi/AppData/Local/nvim-data/lazy/lazy.nvim/lua/lazy/example.lua
[20:25:30.888][info] [#0:script\workspace\loading.lua:101]: Preload file at: file:///c%3A/Users/justi/AppData/Local/nvim-data/lazy/lazy.nvim/lua/lazy/health.lua , size = 3.450 KB
[20:25:30.888][info] [#0:script\workspace\loading.lua:113]: ++++As library of:	file:///c%3A/Users/justi/AppData/Local/nvim-data/lazy/lazy.nvim/lua/lazy
[20:25:30.888][info] [#0:script\workspace\loading.lua:98]: Skip loaded file: file:///c%3A/Users/justi/AppData/Local/nvim-data/lazy/lazy.nvim/lua/lazy/health.lua
[20:25:30.888][info] [#0:script\workspace\loading.lua:101]: Preload file at: file:///c%3A/Users/justi/AppData/Local/nvim-data/lazy/lazy.nvim/lua/lazy/help.lua , size = 2.284 KB
[20:25:30.888][info] [#0:script\workspace\loading.lua:113]: ++++As library of:	file:///c%3A/Users/justi/AppData/Local/nvim-data/lazy/lazy.nvim/lua/lazy
[20:25:30.888][info] [#0:script\workspace\loading.lua:101]: Preload file at: file:///c%3A/Users/justi/AppData/Local/nvim-data/lazy/lazy.nvim/lua/lazy/init.lua , size = 3.179 KB
[20:25:30.888][info] [#0:script\workspace\loading.lua:113]: ++++As library of:	file:///c%3A/Users/justi/AppData/Local/nvim-data/lazy/lazy.nvim/lua/lazy
[20:25:30.888][info] [#0:script\workspace\loading.lua:98]: Skip loaded file: file:///c%3A/Users/justi/AppData/Local/nvim-data/lazy/lazy.nvim/lua/lazy/help.lua
[20:25:30.888][info] [#0:script\workspace\loading.lua:98]: Skip loaded file: file:///c%3A/Users/justi/AppData/Local/nvim-data/lazy/lazy.nvim/lua/lazy/init.lua
[20:25:30.888][info] [#0:script\workspace\loading.lua:101]: Preload file at: file:///c%3A/Users/justi/AppData/Local/nvim-data/lazy/lazy.nvim/lua/lazy/manage/checker.lua , size = 2.398 KB
[20:25:30.888][info] [#0:script\workspace\loading.lua:113]: ++++As library of:	file:///c%3A/Users/justi/AppData/Local/nvim-data/lazy/lazy.nvim/lua/lazy
[20:25:30.888][info] [#0:script\workspace\loading.lua:98]: Skip loaded file: file:///c%3A/Users/justi/AppData/Local/nvim-data/lazy/lazy.nvim/lua/lazy/manage/checker.lua
[20:25:30.888][info] [#0:script\workspace\loading.lua:101]: Preload file at: file:///c%3A/Users/justi/AppData/Local/nvim-data/lazy/lazy.nvim/lua/lazy/manage/git.lua , size = 6.273 KB
[20:25:30.888][info] [#0:script\workspace\loading.lua:113]: ++++As library of:	file:///c%3A/Users/justi/AppData/Local/nvim-data/lazy/lazy.nvim/lua/lazy
[20:25:30.888][info] [#0:script\workspace\loading.lua:98]: Skip loaded file: file:///c%3A/Users/justi/AppData/Local/nvim-data/lazy/lazy.nvim/lua/lazy/manage/git.lua
[20:25:30.888][info] [#0:script\workspace\loading.lua:101]: Preload file at: file:///c%3A/Users/justi/AppData/Local/nvim-data/lazy/lazy.nvim/lua/lazy/manage/init.lua , size = 5.668 KB
[20:25:30.903][info] [#0:script\workspace\loading.lua:113]: ++++As library of:	file:///c%3A/Users/justi/AppData/Local/nvim-data/lazy/lazy.nvim/lua/lazy
[20:25:30.903][info] [#0:script\workspace\loading.lua:98]: Skip loaded file: file:///c%3A/Users/justi/AppData/Local/nvim-data/lazy/lazy.nvim/lua/lazy/manage/init.lua
[20:25:30.903][info] [#0:script\workspace\loading.lua:101]: Preload file at: file:///c%3A/Users/justi/AppData/Local/nvim-data/lazy/lazy.nvim/lua/lazy/manage/lock.lua , size = 1.881 KB
[20:25:30.903][info] [#0:script\workspace\loading.lua:113]: ++++As library of:	file:///c%3A/Users/justi/AppData/Local/nvim-data/lazy/lazy.nvim/lua/lazy
[20:25:30.903][info] [#0:script\workspace\loading.lua:98]: Skip loaded file: file:///c%3A/Users/justi/AppData/Local/nvim-data/lazy/lazy.nvim/lua/lazy/manage/lock.lua
[20:25:30.903][info] [#0:script\workspace\loading.lua:101]: Preload file at: file:///c%3A/Users/justi/AppData/Local/nvim-data/lazy/lazy.nvim/lua/lazy/manage/process.lua , size = 4.029 KB
[20:25:30.903][info] [#0:script\workspace\loading.lua:113]: ++++As library of:	file:///c%3A/Users/justi/AppData/Local/nvim-data/lazy/lazy.nvim/lua/lazy
[20:25:30.903][info] [#0:script\workspace\loading.lua:98]: Skip loaded file: file:///c%3A/Users/justi/AppData/Local/nvim-data/lazy/lazy.nvim/lua/lazy/manage/process.lua
[20:25:30.903][info] [#0:script\workspace\loading.lua:101]: Preload file at: file:///c%3A/Users/justi/AppData/Local/nvim-data/lazy/lazy.nvim/lua/lazy/manage/reloader.lua , size = 2.580 KB
[20:25:30.903][info] [#0:script\workspace\loading.lua:113]: ++++As library of:	file:///c%3A/Users/justi/AppData/Local/nvim-data/lazy/lazy.nvim/lua/lazy
[20:25:30.903][info] [#0:script\workspace\loading.lua:98]: Skip loaded file: file:///c%3A/Users/justi/AppData/Local/nvim-data/lazy/lazy.nvim/lua/lazy/manage/reloader.lua
[20:25:30.903][info] [#0:script\workspace\loading.lua:101]: Preload file at: file:///c%3A/Users/justi/AppData/Local/nvim-data/lazy/lazy.nvim/lua/lazy/manage/runner.lua , size = 4.112 KB
[20:25:30.903][info] [#0:script\workspace\loading.lua:113]: ++++As library of:	file:///c%3A/Users/justi/AppData/Local/nvim-data/lazy/lazy.nvim/lua/lazy
[20:25:30.903][info] [#0:script\workspace\loading.lua:98]: Skip loaded file: file:///c%3A/Users/justi/AppData/Local/nvim-data/lazy/lazy.nvim/lua/lazy/manage/runner.lua
[20:25:30.903][info] [#0:script\workspace\loading.lua:101]: Preload file at: file:///c%3A/Users/justi/AppData/Local/nvim-data/lazy/lazy.nvim/lua/lazy/manage/semver.lua , size = 4.596 KB
[20:25:30.903][info] [#0:script\workspace\loading.lua:113]: ++++As library of:	file:///c%3A/Users/justi/AppData/Local/nvim-data/lazy/lazy.nvim/lua/lazy
[20:25:30.903][info] [#0:script\workspace\loading.lua:101]: Preload file at: file:///c%3A/Users/justi/AppData/Local/nvim-data/lazy/lazy.nvim/lua/lazy/manage/task/fs.lua , size = 0.771 KB
[20:25:30.903][info] [#0:script\workspace\loading.lua:113]: ++++As library of:	file:///c%3A/Users/justi/AppData/Local/nvim-data/lazy/lazy.nvim/lua/lazy
[20:25:30.903][info] [#0:script\workspace\loading.lua:98]: Skip loaded file: file:///c%3A/Users/justi/AppData/Local/nvim-data/lazy/lazy.nvim/lua/lazy/manage/semver.lua
[20:25:30.903][info] [#0:script\workspace\loading.lua:98]: Skip loaded file: file:///c%3A/Users/justi/AppData/Local/nvim-data/lazy/lazy.nvim/lua/lazy/manage/task/fs.lua
[20:25:30.919][info] [#0:script\workspace\loading.lua:101]: Preload file at: file:///c%3A/Users/justi/AppData/Local/nvim-data/lazy/lazy.nvim/lua/lazy/manage/task/git.lua , size = 6.789 KB
[20:25:30.919][info] [#0:script\workspace\loading.lua:113]: ++++As library of:	file:///c%3A/Users/justi/AppData/Local/nvim-data/lazy/lazy.nvim/lua/lazy
[20:25:30.919][info] [#0:script\workspace\loading.lua:98]: Skip loaded file: file:///c%3A/Users/justi/AppData/Local/nvim-data/lazy/lazy.nvim/lua/lazy/manage/task/git.lua
[20:25:30.919][info] [#0:script\workspace\loading.lua:101]: Preload file at: file:///c%3A/Users/justi/AppData/Local/nvim-data/lazy/lazy.nvim/lua/lazy/manage/task/init.lua , size = 3.988 KB
[20:25:30.919][info] [#0:script\workspace\loading.lua:113]: ++++As library of:	file:///c%3A/Users/justi/AppData/Local/nvim-data/lazy/lazy.nvim/lua/lazy
[20:25:30.919][info] [#0:script\workspace\loading.lua:98]: Skip loaded file: file:///c%3A/Users/justi/AppData/Local/nvim-data/lazy/lazy.nvim/lua/lazy/manage/task/init.lua
[20:25:30.919][info] [#0:script\workspace\loading.lua:101]: Preload file at: file:///c%3A/Users/justi/AppData/Local/nvim-data/lazy/lazy.nvim/lua/lazy/manage/task/plugin.lua , size = 2.376 KB
[20:25:30.919][info] [#0:script\workspace\loading.lua:113]: ++++As library of:	file:///c%3A/Users/justi/AppData/Local/nvim-data/lazy/lazy.nvim/lua/lazy
[20:25:30.919][info] [#0:script\workspace\loading.lua:98]: Skip loaded file: file:///c%3A/Users/justi/AppData/Local/nvim-data/lazy/lazy.nvim/lua/lazy/manage/task/plugin.lua
[20:25:30.919][info] [#0:script\workspace\loading.lua:101]: Preload file at: file:///c%3A/Users/justi/AppData/Local/nvim-data/lazy/lazy.nvim/lua/lazy/state.lua , size = 0.903 KB
[20:25:30.919][info] [#0:script\workspace\loading.lua:113]: ++++As library of:	file:///c%3A/Users/justi/AppData/Local/nvim-data/lazy/lazy.nvim/lua/lazy
[20:25:30.919][info] [#0:script\workspace\loading.lua:98]: Skip loaded file: file:///c%3A/Users/justi/AppData/Local/nvim-data/lazy/lazy.nvim/lua/lazy/state.lua
[20:25:30.919][info] [#0:script\workspace\loading.lua:101]: Preload file at: file:///c%3A/Users/justi/AppData/Local/nvim-data/lazy/lazy.nvim/lua/lazy/stats.lua , size = 2.149 KB
[20:25:30.919][info] [#0:script\workspace\loading.lua:113]: ++++As library of:	file:///c%3A/Users/justi/AppData/Local/nvim-data/lazy/lazy.nvim/lua/lazy
[20:25:30.919][info] [#0:script\workspace\loading.lua:101]: Preload file at: file:///c%3A/Users/justi/AppData/Local/nvim-data/lazy/lazy.nvim/lua/lazy/status.lua , size = 0.368 KB
[20:25:30.919][info] [#0:script\workspace\loading.lua:113]: ++++As library of:	file:///c%3A/Users/justi/AppData/Local/nvim-data/lazy/lazy.nvim/lua/lazy
[20:25:30.919][info] [#0:script\workspace\loading.lua:98]: Skip loaded file: file:///c%3A/Users/justi/AppData/Local/nvim-data/lazy/lazy.nvim/lua/lazy/stats.lua
[20:25:30.919][info] [#0:script\workspace\loading.lua:98]: Skip loaded file: file:///c%3A/Users/justi/AppData/Local/nvim-data/lazy/lazy.nvim/lua/lazy/status.lua
[20:25:30.919][info] [#0:script\workspace\loading.lua:101]: Preload file at: file:///c%3A/Users/justi/AppData/Local/nvim-data/lazy/lazy.nvim/lua/lazy/types.lua , size = 2.814 KB
[20:25:30.919][info] [#0:script\workspace\loading.lua:113]: ++++As library of:	file:///c%3A/Users/justi/AppData/Local/nvim-data/lazy/lazy.nvim/lua/lazy
[20:25:30.919][info] [#0:script\workspace\loading.lua:98]: Skip loaded file: file:///c%3A/Users/justi/AppData/Local/nvim-data/lazy/lazy.nvim/lua/lazy/types.lua
[20:25:30.919][info] [#0:script\workspace\loading.lua:101]: Preload file at: file:///c%3A/Users/justi/AppData/Local/nvim-data/lazy/lazy.nvim/lua/lazy/util.lua , size = 5.867 KB
[20:25:30.935][info] [#0:script\workspace\loading.lua:113]: ++++As library of:	file:///c%3A/Users/justi/AppData/Local/nvim-data/lazy/lazy.nvim/lua/lazy
[20:25:30.935][info] [#0:script\workspace\loading.lua:98]: Skip loaded file: file:///c%3A/Users/justi/AppData/Local/nvim-data/lazy/lazy.nvim/lua/lazy/util.lua
[20:25:30.935][info] [#0:script\workspace\loading.lua:101]: Preload file at: file:///c%3A/Users/justi/AppData/Local/nvim-data/lazy/lazy.nvim/lua/lazy/view/colors.lua , size = 1.557 KB
[20:25:30.935][info] [#0:script\workspace\loading.lua:113]: ++++As library of:	file:///c%3A/Users/justi/AppData/Local/nvim-data/lazy/lazy.nvim/lua/lazy
[20:25:30.935][info] [#0:script\workspace\loading.lua:101]: Preload file at: file:///c%3A/Users/justi/AppData/Local/nvim-data/lazy/lazy.nvim/lua/lazy/view/commands.lua , size = 3.468 KB
[20:25:30.935][info] [#0:script\workspace\loading.lua:113]: ++++As library of:	file:///c%3A/Users/justi/AppData/Local/nvim-data/lazy/lazy.nvim/lua/lazy
[20:25:30.935][info] [#0:script\workspace\loading.lua:98]: Skip loaded file: file:///c%3A/Users/justi/AppData/Local/nvim-data/lazy/lazy.nvim/lua/lazy/view/colors.lua
[20:25:30.935][info] [#0:script\workspace\loading.lua:98]: Skip loaded file: file:///c%3A/Users/justi/AppData/Local/nvim-data/lazy/lazy.nvim/lua/lazy/view/commands.lua
[20:25:30.935][info] [#0:script\workspace\loading.lua:101]: Preload file at: file:///c%3A/Users/justi/AppData/Local/nvim-data/lazy/lazy.nvim/lua/lazy/view/config.lua , size = 3.617 KB
[20:25:30.935][info] [#0:script\workspace\loading.lua:113]: ++++As library of:	file:///c%3A/Users/justi/AppData/Local/nvim-data/lazy/lazy.nvim/lua/lazy
[20:25:30.935][info] [#0:script\workspace\loading.lua:98]: Skip loaded file: file:///c%3A/Users/justi/AppData/Local/nvim-data/lazy/lazy.nvim/lua/lazy/view/config.lua
[20:25:30.935][info] [#0:script\workspace\loading.lua:101]: Preload file at: file:///c%3A/Users/justi/AppData/Local/nvim-data/lazy/lazy.nvim/lua/lazy/view/diff.lua , size = 1.647 KB
[20:25:30.935][info] [#0:script\workspace\loading.lua:113]: ++++As library of:	file:///c%3A/Users/justi/AppData/Local/nvim-data/lazy/lazy.nvim/lua/lazy
[20:25:30.935][info] [#0:script\workspace\loading.lua:101]: Preload file at: file:///c%3A/Users/justi/AppData/Local/nvim-data/lazy/lazy.nvim/lua/lazy/view/float.lua , size = 7.197 KB
[20:25:30.950][info] [#0:script\workspace\loading.lua:113]: ++++As library of:	file:///c%3A/Users/justi/AppData/Local/nvim-data/lazy/lazy.nvim/lua/lazy
[20:25:30.950][info] [#0:script\workspace\loading.lua:98]: Skip loaded file: file:///c%3A/Users/justi/AppData/Local/nvim-data/lazy/lazy.nvim/lua/lazy/view/float.lua
[20:25:30.950][info] [#0:script\workspace\loading.lua:98]: Skip loaded file: file:///c%3A/Users/justi/AppData/Local/nvim-data/lazy/lazy.nvim/lua/lazy/view/diff.lua
[20:25:30.950][info] [#0:script\workspace\loading.lua:101]: Preload file at: file:///c%3A/Users/justi/AppData/Local/nvim-data/lazy/lazy.nvim/lua/lazy/view/init.lua , size = 7.698 KB
[20:25:30.950][info] [#0:script\workspace\loading.lua:113]: ++++As library of:	file:///c%3A/Users/justi/AppData/Local/nvim-data/lazy/lazy.nvim/lua/lazy
[20:25:30.950][info] [#0:script\workspace\loading.lua:101]: Preload file at: file:///c%3A/Users/justi/AppData/Local/nvim-data/lazy/lazy.nvim/lua/lazy/view/render.lua , size = 21.400 KB
[20:25:30.966][info] [#0:script\workspace\loading.lua:113]: ++++As library of:	file:///c%3A/Users/justi/AppData/Local/nvim-data/lazy/lazy.nvim/lua/lazy
[20:25:30.966][info] [#0:script\workspace\loading.lua:98]: Skip loaded file: file:///c%3A/Users/justi/AppData/Local/nvim-data/lazy/lazy.nvim/lua/lazy/view/init.lua
[20:25:30.966][info] [#0:script\workspace\loading.lua:98]: Skip loaded file: file:///c%3A/Users/justi/AppData/Local/nvim-data/lazy/lazy.nvim/lua/lazy/view/render.lua
[20:25:30.966][info] [#0:script\workspace\loading.lua:101]: Preload file at: file:///c%3A/Users/justi/AppData/Local/nvim-data/lazy/lazy.nvim/lua/lazy/view/sections.lua , size = 2.355 KB
[20:25:30.966][info] [#0:script\workspace\loading.lua:113]: ++++As library of:	file:///c%3A/Users/justi/AppData/Local/nvim-data/lazy/lazy.nvim/lua/lazy
[20:25:30.966][info] [#0:script\workspace\loading.lua:98]: Skip loaded file: file:///c%3A/Users/justi/AppData/Local/nvim-data/lazy/lazy.nvim/lua/lazy/view/sections.lua
[20:25:30.966][info] [#0:script\workspace\loading.lua:101]: Preload file at: file:///c%3A/Users/justi/AppData/Local/nvim-data/lazy/lazy.nvim/lua/lazy/view/text.lua , size = 3.987 KB
[20:25:30.982][info] [#0:script\workspace\loading.lua:113]: ++++As library of:	file:///c%3A/Users/justi/AppData/Local/nvim-data/lazy/lazy.nvim/lua/lazy
[20:25:30.982][info] [#0:script\workspace\loading.lua:101]: Preload file at: file:///c%3A/Users/justi/AppData/Local/nvim-data/mason/packages/lua-language-server/meta/Lua%205.4%20en-us%20utf8/debug.lua , size = 7.637 KB
[20:25:30.982][info] [#0:script\workspace\loading.lua:113]: ++++As library of:	file:///c%3A/Users/justi/AppData/Local/nvim-data/mason/packages/lua-language-server/meta/Lua%205.4%20en-us%20utf8/debug.lua
[20:25:30.982][info] [#0:script\workspace\loading.lua:98]: Skip loaded file: file:///c%3A/Users/justi/AppData/Local/nvim-data/lazy/lazy.nvim/lua/lazy/view/text.lua
[20:25:30.982][info] [#0:script\workspace\loading.lua:98]: Skip loaded file: file:///c%3A/Users/justi/AppData/Local/nvim-data/mason/packages/lua-language-server/meta/Lua%205.4%20en-us%20utf8/debug.lua
[20:25:30.982][info] [#0:script\workspace\loading.lua:101]: Preload file at: file:///c%3A/Users/justi/AppData/Local/nvim-data/mason/packages/lua-language-server/meta/Lua%205.4%20en-us%20utf8/builtin.lua , size = 0.302 KB
[20:25:30.982][info] [#0:script\workspace\loading.lua:113]: ++++As library of:	file:///c%3A/Users/justi/AppData/Local/nvim-data/mason/packages/lua-language-server/meta/Lua%205.4%20en-us%20utf8/builtin.lua
[20:25:30.982][info] [#0:script\workspace\loading.lua:98]: Skip loaded file: file:///c%3A/Users/justi/AppData/Local/nvim-data/mason/packages/lua-language-server/meta/Lua%205.4%20en-us%20utf8/builtin.lua
[20:25:30.982][info] [#0:script\workspace\loading.lua:89]: Skip loaded file: file:///c%3A/Users/justi/AppData/Local/Programs/Neovim/share/nvim/runtime/lua/vim/lsp/buf.lua
[20:25:30.982][info] [#0:script\workspace\loading.lua:113]: ++++As library of:	file:///c%3A/Users/justi/AppData/Local/Programs/Neovim/share/nvim/runtime/lua/vim/lsp
[20:25:30.982][info] [#0:script\workspace\loading.lua:101]: Preload file at: file:///c%3A/Users/justi/AppData/Local/nvim-data/mason/packages/lua-language-server/meta/Lua%205.4%20en-us%20utf8/io.lua , size = 6.364 KB
[20:25:30.982][info] [#0:script\workspace\loading.lua:113]: ++++As library of:	file:///c%3A/Users/justi/AppData/Local/nvim-data/mason/packages/lua-language-server/meta/Lua%205.4%20en-us%20utf8/io.lua
[20:25:30.982][info] [#0:script\workspace\loading.lua:98]: Skip loaded file: file:///c%3A/Users/justi/AppData/Local/nvim-data/mason/packages/lua-language-server/meta/Lua%205.4%20en-us%20utf8/io.lua
[20:25:30.982][info] [#0:script\workspace\loading.lua:101]: Preload file at: file:///c%3A/Users/justi/AppData/Local/nvim-data/mason/packages/lua-language-server/meta/Lua%205.4%20en-us%20utf8/utf8.lua , size = 2.386 KB
[20:25:30.982][info] [#0:script\workspace\loading.lua:113]: ++++As library of:	file:///c%3A/Users/justi/AppData/Local/nvim-data/mason/packages/lua-language-server/meta/Lua%205.4%20en-us%20utf8/utf8.lua
[20:25:30.982][info] [#0:script\workspace\loading.lua:101]: Preload file at: file:///c%3A/Users/justi/AppData/Local/nvim-data/mason/packages/lua-language-server/meta/Lua%205.4%20en-us%20utf8/package.lua , size = 2.944 KB
[20:25:30.997][info] [#0:script\workspace\loading.lua:113]: ++++As library of:	file:///c%3A/Users/justi/AppData/Local/nvim-data/mason/packages/lua-language-server/meta/Lua%205.4%20en-us%20utf8/package.lua
[20:25:30.997][info] [#0:script\workspace\loading.lua:98]: Skip loaded file: file:///c%3A/Users/justi/AppData/Local/nvim-data/mason/packages/lua-language-server/meta/Lua%205.4%20en-us%20utf8/utf8.lua
[20:25:30.997][info] [#0:script\workspace\loading.lua:98]: Skip loaded file: file:///c%3A/Users/justi/AppData/Local/nvim-data/mason/packages/lua-language-server/meta/Lua%205.4%20en-us%20utf8/package.lua
[20:25:30.997][info] [#0:script\workspace\loading.lua:101]: Preload file at: file:///c%3A/Users/justi/AppData/Local/nvim-data/mason/packages/lua-language-server/meta/Lua%205.4%20en-us%20utf8/math.lua , size = 8.731 KB
[20:25:30.997][info] [#0:script\workspace\loading.lua:113]: ++++As library of:	file:///c%3A/Users/justi/AppData/Local/nvim-data/mason/packages/lua-language-server/meta/Lua%205.4%20en-us%20utf8/math.lua
[20:25:30.997][info] [#0:script\workspace\loading.lua:98]: Skip loaded file: file:///c%3A/Users/justi/AppData/Local/nvim-data/mason/packages/lua-language-server/meta/Lua%205.4%20en-us%20utf8/math.lua
[20:25:30.997][info] [#0:script\workspace\loading.lua:101]: Preload file at: file:///c%3A/Users/justi/AppData/Local/nvim-data/mason/packages/lua-language-server/meta/Lua%205.4%20en-us%20utf8/basic.lua , size = 15.185 KB
[20:25:30.997][info] [#0:script\workspace\loading.lua:113]: ++++As library of:	file:///c%3A/Users/justi/AppData/Local/nvim-data/mason/packages/lua-language-server/meta/Lua%205.4%20en-us%20utf8/basic.lua
[20:25:30.997][info] [#0:script\workspace\loading.lua:98]: Skip loaded file: file:///c%3A/Users/justi/AppData/Local/nvim-data/mason/packages/lua-language-server/meta/Lua%205.4%20en-us%20utf8/basic.lua
[20:25:30.997][info] [#0:script\workspace\loading.lua:101]: Preload file at: file:///c%3A/Users/justi/AppData/Local/nvim-data/lazy/extensions/nvchad_types/all_hl_groups.lua , size = 32.597 KB
[20:25:31.013][info] [#0:script\workspace\loading.lua:113]: ++++As library of:	file:///c%3A/Users/justi/AppData/Local/nvim-data/lazy/extensions/nvchad_types
[20:25:31.013][info] [#0:script\workspace\loading.lua:98]: Skip loaded file: file:///c%3A/Users/justi/AppData/Local/nvim-data/lazy/extensions/nvchad_types/all_hl_groups.lua
[20:25:31.013][info] [#0:script\workspace\loading.lua:101]: Preload file at: file:///c%3A/Users/justi/AppData/Local/nvim-data/lazy/extensions/nvchad_types/base46.lua , size = 4.348 KB
[20:25:31.013][info] [#0:script\workspace\loading.lua:113]: ++++As library of:	file:///c%3A/Users/justi/AppData/Local/nvim-data/lazy/extensions/nvchad_types
[20:25:31.013][info] [#0:script\workspace\loading.lua:98]: Skip loaded file: file:///c%3A/Users/justi/AppData/Local/nvim-data/lazy/extensions/nvchad_types/base46.lua
[20:25:31.013][info] [#0:script\workspace\loading.lua:101]: Preload file at: file:///c%3A/Users/justi/AppData/Local/nvim-data/lazy/extensions/nvchad_types/chadrc.lua , size = 8.739 KB
[20:25:31.013][info] [#0:script\workspace\loading.lua:113]: ++++As library of:	file:///c%3A/Users/justi/AppData/Local/nvim-data/lazy/extensions/nvchad_types
[20:25:31.013][info] [#0:script\workspace\loading.lua:98]: Skip loaded file: file:///c%3A/Users/justi/AppData/Local/nvim-data/lazy/extensions/nvchad_types/chadrc.lua
[20:25:31.013][info] [#0:script\workspace\loading.lua:101]: Preload file at: file:///c%3A/Users/justi/AppData/Local/nvim-data/lazy/extensions/nvchad_types/keymaps.lua , size = 1.489 KB
[20:25:31.028][info] [#0:script\workspace\loading.lua:113]: ++++As library of:	file:///c%3A/Users/justi/AppData/Local/nvim-data/lazy/extensions/nvchad_types
[20:25:31.028][info] [#0:script\workspace\loading.lua:98]: Skip loaded file: file:///c%3A/Users/justi/AppData/Local/nvim-data/lazy/extensions/nvchad_types/keymaps.lua
[20:25:31.028][info] [#0:script\workspace\loading.lua:101]: Preload file at: file:///c%3A/Users/justi/AppData/Local/nvim-data/lazy/extensions/nvchad_types/plugins.lua , size = 5.801 KB
[20:25:31.028][info] [#0:script\workspace\loading.lua:113]: ++++As library of:	file:///c%3A/Users/justi/AppData/Local/nvim-data/lazy/extensions/nvchad_types
[20:25:31.028][info] [#0:script\workspace\loading.lua:98]: Skip loaded file: file:///c%3A/Users/justi/AppData/Local/nvim-data/lazy/extensions/nvchad_types/plugins.lua
[20:25:31.028][info] [#0:script\workspace\loading.lua:101]: Preload file at: file:///c%3A/Users/justi/AppData/Local/nvim-data/lazy/extensions/nvchad_types/themes.lua , size = 4.818 KB
[20:25:31.028][info] [#0:script\workspace\loading.lua:113]: ++++As library of:	file:///c%3A/Users/justi/AppData/Local/nvim-data/lazy/extensions/nvchad_types
[20:25:31.028][info] [#0:script\workspace\loading.lua:98]: Skip loaded file: file:///c%3A/Users/justi/AppData/Local/nvim-data/lazy/extensions/nvchad_types/themes.lua
[20:25:31.028][info] [#0:script\workspace\loading.lua:101]: Preload file at: file:///c%3A/Users/justi/AppData/Local/nvim-data/mason/packages/lua-language-server/meta/Lua%205.4%20en-us%20utf8/os.lua , size = 4.347 KB
[20:25:31.028][info] [#0:script\workspace\loading.lua:113]: ++++As library of:	file:///c%3A/Users/justi/AppData/Local/nvim-data/mason/packages/lua-language-server/meta/Lua%205.4%20en-us%20utf8/os.lua
[20:25:31.028][info] [#0:script\workspace\loading.lua:98]: Skip loaded file: file:///c%3A/Users/justi/AppData/Local/nvim-data/mason/packages/lua-language-server/meta/Lua%205.4%20en-us%20utf8/os.lua
[20:25:31.028][info] [#0:script\workspace\loading.lua:101]: Preload file at: file:///c%3A/Users/justi/AppData/Local/nvim-data/mason/packages/lua-language-server/meta/Lua%205.4%20en-us%20utf8/string.lua , size = 6.313 KB
[20:25:31.091][info] [#0:script\workspace\loading.lua:113]: ++++As library of:	file:///c%3A/Users/justi/AppData/Local/nvim-data/mason/packages/lua-language-server/meta/Lua%205.4%20en-us%20utf8/string.lua
[20:25:31.091][info] [#0:script\workspace\loading.lua:98]: Skip loaded file: file:///c%3A/Users/justi/AppData/Local/nvim-data/mason/packages/lua-language-server/meta/Lua%205.4%20en-us%20utf8/string.lua
[20:25:31.091][info] [#0:script\workspace\loading.lua:89]: Skip loaded file: file:///c%3A/Users/justi/AppData/Local/Programs/Neovim/share/nvim/runtime/lua/vim/lsp/buf.lua
[20:25:31.091][info] [#0:script\workspace\loading.lua:113]: ++++As library of:	file:///c%3A/Users/justi/AppData/Local/Programs/Neovim/share/nvim/runtime/lua/vim/lsp
[20:25:31.091][info] [#0:script\workspace\loading.lua:89]: Skip loaded file: file:///c%3A/Users/justi/AppData/Local/Programs/Neovim/share/nvim/runtime/lua/vim/lsp/codelens.lua
[20:25:31.091][info] [#0:script\workspace\loading.lua:113]: ++++As library of:	file:///c%3A/Users/justi/AppData/Local/Programs/Neovim/share/nvim/runtime/lua/vim/lsp
[20:25:31.091][info] [#0:script\workspace\loading.lua:89]: Skip loaded file: file:///c%3A/Users/justi/AppData/Local/Programs/Neovim/share/nvim/runtime/lua/vim/lsp/codelens.lua
[20:25:31.091][info] [#0:script\workspace\loading.lua:113]: ++++As library of:	file:///c%3A/Users/justi/AppData/Local/Programs/Neovim/share/nvim/runtime/lua/vim/lsp
[20:25:31.091][info] [#0:script\workspace\loading.lua:89]: Skip loaded file: file:///c%3A/Users/justi/AppData/Local/Programs/Neovim/share/nvim/runtime/lua/vim/lsp/diagnostic.lua
[20:25:31.091][info] [#0:script\workspace\loading.lua:113]: ++++As library of:	file:///c%3A/Users/justi/AppData/Local/Programs/Neovim/share/nvim/runtime/lua/vim/lsp
[20:25:31.091][info] [#0:script\workspace\loading.lua:89]: Skip loaded file: file:///c%3A/Users/justi/AppData/Local/Programs/Neovim/share/nvim/runtime/lua/vim/lsp/diagnostic.lua
[20:25:31.091][info] [#0:script\workspace\loading.lua:113]: ++++As library of:	file:///c%3A/Users/justi/AppData/Local/Programs/Neovim/share/nvim/runtime/lua/vim/lsp
[20:25:31.091][info] [#0:script\workspace\loading.lua:89]: Skip loaded file: file:///c%3A/Users/justi/AppData/Local/Programs/Neovim/share/nvim/runtime/lua/vim/lsp/handlers.lua
[20:25:31.091][info] [#0:script\workspace\loading.lua:113]: ++++As library of:	file:///c%3A/Users/justi/AppData/Local/Programs/Neovim/share/nvim/runtime/lua/vim/lsp
[20:25:31.091][info] [#0:script\workspace\loading.lua:89]: Skip loaded file: file:///c%3A/Users/justi/AppData/Local/Programs/Neovim/share/nvim/runtime/lua/vim/lsp/handlers.lua
[20:25:31.091][info] [#0:script\workspace\loading.lua:113]: ++++As library of:	file:///c%3A/Users/justi/AppData/Local/Programs/Neovim/share/nvim/runtime/lua/vim/lsp
[20:25:31.091][info] [#0:script\workspace\loading.lua:89]: Skip loaded file: file:///c%3A/Users/justi/AppData/Local/Programs/Neovim/share/nvim/runtime/lua/vim/lsp/health.lua
[20:25:31.091][info] [#0:script\workspace\loading.lua:113]: ++++As library of:	file:///c%3A/Users/justi/AppData/Local/Programs/Neovim/share/nvim/runtime/lua/vim/lsp
[20:25:31.091][info] [#0:script\workspace\loading.lua:89]: Skip loaded file: file:///c%3A/Users/justi/AppData/Local/Programs/Neovim/share/nvim/runtime/lua/vim/lsp/health.lua
[20:25:31.091][info] [#0:script\workspace\loading.lua:113]: ++++As library of:	file:///c%3A/Users/justi/AppData/Local/Programs/Neovim/share/nvim/runtime/lua/vim/lsp
[20:25:31.091][info] [#0:script\workspace\loading.lua:89]: Skip loaded file: file:///c%3A/Users/justi/AppData/Local/Programs/Neovim/share/nvim/runtime/lua/vim/lsp/log.lua
[20:25:31.091][info] [#0:script\workspace\loading.lua:113]: ++++As library of:	file:///c%3A/Users/justi/AppData/Local/Programs/Neovim/share/nvim/runtime/lua/vim/lsp
[20:25:31.091][info] [#0:script\workspace\loading.lua:89]: Skip loaded file: file:///c%3A/Users/justi/AppData/Local/Programs/Neovim/share/nvim/runtime/lua/vim/lsp/log.lua
[20:25:31.091][info] [#0:script\workspace\loading.lua:113]: ++++As library of:	file:///c%3A/Users/justi/AppData/Local/Programs/Neovim/share/nvim/runtime/lua/vim/lsp
[20:25:31.091][info] [#0:script\workspace\loading.lua:89]: Skip loaded file: file:///c%3A/Users/justi/AppData/Local/Programs/Neovim/share/nvim/runtime/lua/vim/lsp/protocol.lua
[20:25:31.091][info] [#0:script\workspace\loading.lua:113]: ++++As library of:	file:///c%3A/Users/justi/AppData/Local/Programs/Neovim/share/nvim/runtime/lua/vim/lsp
[20:25:31.091][info] [#0:script\workspace\loading.lua:89]: Skip loaded file: file:///c%3A/Users/justi/AppData/Local/Programs/Neovim/share/nvim/runtime/lua/vim/lsp/protocol.lua
[20:25:31.091][info] [#0:script\workspace\loading.lua:113]: ++++As library of:	file:///c%3A/Users/justi/AppData/Local/Programs/Neovim/share/nvim/runtime/lua/vim/lsp
[20:25:31.091][info] [#0:script\workspace\loading.lua:89]: Skip loaded file: file:///c%3A/Users/justi/AppData/Local/Programs/Neovim/share/nvim/runtime/lua/vim/lsp/rpc.lua
[20:25:31.091][info] [#0:script\workspace\loading.lua:113]: ++++As library of:	file:///c%3A/Users/justi/AppData/Local/Programs/Neovim/share/nvim/runtime/lua/vim/lsp
[20:25:31.091][info] [#0:script\workspace\loading.lua:89]: Skip loaded file: file:///c%3A/Users/justi/AppData/Local/Programs/Neovim/share/nvim/runtime/lua/vim/lsp/rpc.lua
[20:25:31.091][info] [#0:script\workspace\loading.lua:113]: ++++As library of:	file:///c%3A/Users/justi/AppData/Local/Programs/Neovim/share/nvim/runtime/lua/vim/lsp
[20:25:31.091][info] [#0:script\workspace\loading.lua:89]: Skip loaded file: file:///c%3A/Users/justi/AppData/Local/Programs/Neovim/share/nvim/runtime/lua/vim/lsp/semantic_tokens.lua
[20:25:31.091][info] [#0:script\workspace\loading.lua:113]: ++++As library of:	file:///c%3A/Users/justi/AppData/Local/Programs/Neovim/share/nvim/runtime/lua/vim/lsp
[20:25:31.091][info] [#0:script\workspace\loading.lua:89]: Skip loaded file: file:///c%3A/Users/justi/AppData/Local/Programs/Neovim/share/nvim/runtime/lua/vim/lsp/semantic_tokens.lua
[20:25:31.091][info] [#0:script\workspace\loading.lua:113]: ++++As library of:	file:///c%3A/Users/justi/AppData/Local/Programs/Neovim/share/nvim/runtime/lua/vim/lsp
[20:25:31.091][info] [#0:script\workspace\loading.lua:89]: Skip loaded file: file:///c%3A/Users/justi/AppData/Local/Programs/Neovim/share/nvim/runtime/lua/vim/lsp/sync.lua
[20:25:31.091][info] [#0:script\workspace\loading.lua:113]: ++++As library of:	file:///c%3A/Users/justi/AppData/Local/Programs/Neovim/share/nvim/runtime/lua/vim/lsp
[20:25:31.091][info] [#0:script\workspace\loading.lua:89]: Skip loaded file: file:///c%3A/Users/justi/AppData/Local/Programs/Neovim/share/nvim/runtime/lua/vim/lsp/sync.lua
[20:25:31.091][info] [#0:script\workspace\loading.lua:113]: ++++As library of:	file:///c%3A/Users/justi/AppData/Local/Programs/Neovim/share/nvim/runtime/lua/vim/lsp
[20:25:31.091][info] [#0:script\workspace\loading.lua:89]: Skip loaded file: file:///c%3A/Users/justi/AppData/Local/Programs/Neovim/share/nvim/runtime/lua/vim/lsp/tagfunc.lua
[20:25:31.091][info] [#0:script\workspace\loading.lua:113]: ++++As library of:	file:///c%3A/Users/justi/AppData/Local/Programs/Neovim/share/nvim/runtime/lua/vim/lsp
[20:25:31.091][info] [#0:script\workspace\loading.lua:89]: Skip loaded file: file:///c%3A/Users/justi/AppData/Local/Programs/Neovim/share/nvim/runtime/lua/vim/lsp/tagfunc.lua
[20:25:31.091][info] [#0:script\workspace\loading.lua:113]: ++++As library of:	file:///c%3A/Users/justi/AppData/Local/Programs/Neovim/share/nvim/runtime/lua/vim/lsp
[20:25:31.091][info] [#0:script\workspace\loading.lua:89]: Skip loaded file: file:///c%3A/Users/justi/AppData/Local/Programs/Neovim/share/nvim/runtime/lua/vim/lsp/types.lua
[20:25:31.091][info] [#0:script\workspace\loading.lua:113]: ++++As library of:	file:///c%3A/Users/justi/AppData/Local/Programs/Neovim/share/nvim/runtime/lua/vim/lsp
[20:25:31.091][info] [#0:script\workspace\loading.lua:89]: Skip loaded file: file:///c%3A/Users/justi/AppData/Local/Programs/Neovim/share/nvim/runtime/lua/vim/lsp/types.lua
[20:25:31.091][info] [#0:script\workspace\loading.lua:113]: ++++As library of:	file:///c%3A/Users/justi/AppData/Local/Programs/Neovim/share/nvim/runtime/lua/vim/lsp
[20:25:31.091][info] [#0:script\workspace\loading.lua:89]: Skip loaded file: file:///c%3A/Users/justi/AppData/Local/Programs/Neovim/share/nvim/runtime/lua/vim/lsp/util.lua
[20:25:31.091][info] [#0:script\workspace\loading.lua:113]: ++++As library of:	file:///c%3A/Users/justi/AppData/Local/Programs/Neovim/share/nvim/runtime/lua/vim/lsp
[20:25:31.091][info] [#0:script\workspace\loading.lua:89]: Skip loaded file: file:///c%3A/Users/justi/AppData/Local/Programs/Neovim/share/nvim/runtime/lua/vim/lsp/util.lua
[20:25:31.091][info] [#0:script\workspace\loading.lua:113]: ++++As library of:	file:///c%3A/Users/justi/AppData/Local/Programs/Neovim/share/nvim/runtime/lua/vim/lsp
[20:25:31.091][info] [#0:script\workspace\loading.lua:89]: Skip loaded file: file:///c%3A/Users/justi/AppData/Local/Programs/Neovim/share/nvim/runtime/lua/vim/lsp/_snippet.lua
[20:25:31.091][info] [#0:script\workspace\loading.lua:113]: ++++As library of:	file:///c%3A/Users/justi/AppData/Local/Programs/Neovim/share/nvim/runtime/lua/vim/lsp
[20:25:31.091][info] [#0:script\workspace\loading.lua:89]: Skip loaded file: file:///c%3A/Users/justi/AppData/Local/Programs/Neovim/share/nvim/runtime/lua/vim/lsp/_snippet.lua
[20:25:31.091][info] [#0:script\workspace\loading.lua:113]: ++++As library of:	file:///c%3A/Users/justi/AppData/Local/Programs/Neovim/share/nvim/runtime/lua/vim/lsp
[20:25:31.091][info] [#0:script\workspace\loading.lua:89]: Skip loaded file: file:///c%3A/Users/justi/AppData/Local/Programs/Neovim/share/nvim/runtime/lua/vim/lsp/_watchfiles.lua
[20:25:31.091][info] [#0:script\workspace\loading.lua:113]: ++++As library of:	file:///c%3A/Users/justi/AppData/Local/Programs/Neovim/share/nvim/runtime/lua/vim/lsp
[20:25:31.091][info] [#0:script\workspace\loading.lua:89]: Skip loaded file: file:///c%3A/Users/justi/AppData/Local/Programs/Neovim/share/nvim/runtime/lua/vim/lsp/_watchfiles.lua
[20:25:31.091][info] [#0:script\workspace\loading.lua:113]: ++++As library of:	file:///c%3A/Users/justi/AppData/Local/Programs/Neovim/share/nvim/runtime/lua/vim/lsp
[20:25:31.091][info] [#0:script\workspace\loading.lua:173]: Loaded files takes [0.771] sec: <fallback>
[20:25:31.091][info] [#0:script\workspace\loading.lua:182]: Compile files takes [0.000] sec: <fallback>
[20:25:31.091][info] [#0:script\workspace\loading.lua:183]: Loaded finish:	<fallback>
[20:25:31.091][info] [#0:script\workspace\workspace.lua:379]: Preload finish at:	<fallback>
[20:25:31.232][info] [#0:script\workspace\loading.lua:101]: Preload file at: file:///c%3A/Users/justi/AppData/Local/nvim/init.lua , size = 0.576 KB
[20:25:31.232][info] [#0:script\workspace\loading.lua:101]: Preload file at: file:///c%3A/Users/justi/AppData/Local/nvim/lua/core/default_config.lua , size = 3.191 KB
[20:25:31.232][info] [#0:script\workspace\loading.lua:101]: Preload file at: file:///c%3A/Users/justi/AppData/Local/nvim/lua/core/bootstrap.lua , size = 1.976 KB
[20:25:31.232][info] [#0:script\workspace\loading.lua:101]: Preload file at: file:///c%3A/Users/justi/AppData/Local/nvim/lua/core/init.lua , size = 3.360 KB
[20:25:31.232][info] [#0:script\workspace\loading.lua:101]: Preload file at: file:///c%3A/Users/justi/AppData/Local/nvim/lua/core/utils.lua , size = 3.570 KB
[20:25:31.247][info] [#0:script\workspace\loading.lua:101]: Preload file at: file:///c%3A/Users/justi/AppData/Local/nvim/lua/plugins/configs/cmp.lua , size = 3.189 KB
[20:25:31.247][info] [#0:script\workspace\loading.lua:101]: Preload file at: file:///c%3A/Users/justi/AppData/Local/nvim/lua/plugins/configs/lazy_nvim.lua , size = 0.893 KB
[20:25:31.247][info] [#0:script\workspace\loading.lua:101]: Preload file at: file:///c%3A/Users/justi/AppData/Local/nvim/lua/core/mappings.lua , size = 10.592 KB
[20:25:31.247][info] [#0:script\workspace\loading.lua:101]: Preload file at: file:///c%3A/Users/justi/AppData/Local/nvim/lua/plugins/configs/lspconfig.lua , size = 1.818 KB
[20:25:31.247][info] [#0:script\workspace\loading.lua:101]: Preload file at: file:///c%3A/Users/justi/AppData/Local/nvim/lua/plugins/configs/nvimtree.lua , size = 1.554 KB
[20:25:31.247][info] [#0:script\workspace\loading.lua:101]: Preload file at: file:///c%3A/Users/justi/AppData/Local/nvim/lua/plugins/configs/mason.lua , size = 0.608 KB
[20:25:31.247][info] [#0:script\workspace\loading.lua:101]: Preload file at: file:///c%3A/Users/justi/AppData/Local/nvim/lua/plugins/configs/others.lua , size = 1.685 KB
[20:25:31.247][info] [#0:script\workspace\loading.lua:101]: Preload file at: file:///c%3A/Users/justi/AppData/Local/nvim/lua/plugins/configs/treesitter.lua , size = 0.177 KB
[20:25:31.247][info] [#0:script\workspace\loading.lua:101]: Preload file at: file:///c%3A/Users/justi/AppData/Local/nvim/lua/plugins/init.lua , size = 7.606 KB
[20:25:31.263][info] [#0:script\workspace\loading.lua:101]: Preload file at: file:///c%3A/Users/justi/AppData/Local/nvim/lua/plugins/configs/telescope.lua , size = 1.680 KB
[20:25:31.341][info] [#0:script\workspace\loading.lua:173]: Loaded files takes [1.008] sec: file:///c%3A/Users/justi/AppData/Local/nvim
[20:25:31.341][info] [#0:script\workspace\loading.lua:182]: Compile files takes [0.000] sec: file:///c%3A/Users/justi/AppData/Local/nvim
[20:25:31.341][info] [#0:script\workspace\loading.lua:183]: Loaded finish:	file:///c%3A/Users/justi/AppData/Local/nvim
[20:25:31.341][info] [#0:script\workspace\workspace.lua:379]: Preload finish at:	file:///c%3A/Users/justi/AppData/Local/nvim
[20:25:31.357][info] [#0:script\provider\diagnostic.lua:557]: Diagnostics scope [file:///c%3A/Users/justi/AppData/Local/nvim], files count:[125]
[20:25:31.357][warn] [#0:script\proto\proto.lua:187]: Method [textDocument/didOpen] takes [1.346]sec. {
  jsonrpc = "2.0",
  method = "textDocument/didOpen",
  params = {
    textDocument = {
      languageId = "lua",
      text = '"***"',
      uri = "file:///C:/Users/justi/AppData/Local/nvim/lua/custom/init.lua",
      version = 0
    }
  }
}
[20:25:31.794][info] [#0:script\provider\diagnostic.lua:574]: Diagnostics scope [file:///c%3A/Users/justi/AppData/Local/nvim] finished, takes [0.444] sec.
[20:25:34.685][info] [#0:script\provider\provider.lua:169]: Server shutdown.
[20:25:34.685][warn] [#0:script\pub\report.lua:25]: Load proto error:	Disconnected!
